\BOOKMARK [1][-]{section.1}{\376\377\000Q\000u\000a\000n\000t\000u\000m\000\040\000s\000t\000a\000t\000i\000s\000t\000i\000c\000a\000l\000\040\000P\000h\000y\000s\000i\000c\000s}{}% 1
\BOOKMARK [2][-]{subsection.1.1}{\376\377\000E\000n\000s\000e\000m\000b\000l\000e\000s\000\040}{section.1}% 2
\BOOKMARK [3][-]{subsubsection.1.1.1}{\376\377\000M\000i\000c\000r\000o\000c\000a\000n\000o\000n\000i\000c\000a\000l}{subsection.1.1}% 3
\BOOKMARK [3][-]{subsubsection.1.1.2}{\376\377\000C\000a\000n\000o\000n\000i\000c\000a\000l}{subsection.1.1}% 4
\BOOKMARK [3][-]{subsubsection.1.1.3}{\376\377\000G\000r\000a\000n\000d\000-\000C\000a\000n\000o\000n\000i\000c\000a\000l}{subsection.1.1}% 5
\BOOKMARK [2][-]{subsection.1.2}{\376\377\000D\000i\000s\000c\000r\000e\000t\000e\000\040\000s\000y\000s\000t\000e\000m\000s\000\040}{section.1}% 6
\BOOKMARK [3][-]{subsubsection.1.2.1}{\376\377\000M\000i\000c\000r\000o\000c\000a\000n\000o\000n\000i\000c\000a\000l\000\040\000e\000n\000s\000e\000m\000b\000l\000e}{subsection.1.2}% 7
\BOOKMARK [3][-]{subsubsection.1.2.2}{\376\377\000C\000a\000n\000o\000n\000i\000c\000a\000l\000\040\000e\000n\000s\000e\000m\000b\000l\000e}{subsection.1.2}% 8
\BOOKMARK [3][-]{subsubsection.1.2.3}{\376\377\000G\000r\000a\000n\000d\000\040\000-\000C\000a\000n\000o\000n\000i\000c\000a\000l\000\040\000e\000n\000s\000e\000m\000b\000l\000e}{subsection.1.2}% 9
\BOOKMARK [2][-]{subsection.1.3}{\376\377\000D\000e\000n\000s\000i\000t\000y\000\040\000M\000a\000t\000r\000i\000x}{section.1}% 10
\BOOKMARK [2][-]{subsection.1.4}{\376\377\000A\000v\000e\000r\000a\000g\000e\000\040\000q\000u\000a\000n\000t\000i\000t\000i\000e\000s}{section.1}% 11
\BOOKMARK [1][-]{section.2}{\376\377\000H\000a\000r\000m\000o\000n\000i\000c\000\040\000O\000s\000c\000i\000l\000l\000a\000t\000o\000r\000\040}{}% 12
\BOOKMARK [2][-]{subsection.2.1}{\376\377\000C\000a\000n\000o\000n\000i\000c\000a\000l\000\040\000e\000n\000s\000e\000m\000b\000l\000e}{section.2}% 13
\BOOKMARK [2][-]{subsection.2.2}{\376\377\000M\000i\000c\000r\000o\000-\000C\000a\000n\000o\000n\000i\000c\000a\000l\000\040\000e\000n\000s\000e\000m\000b\000l\000e}{section.2}% 14
\BOOKMARK [2][-]{subsection.2.3}{\376\377\000V\000i\000b\000r\000a\000t\000i\000o\000n\000a\000l\000\040\000m\000o\000d\000e\000\040\000o\000f\000\040\000a\000\040\000s\000o\000l\000i\000d}{section.2}% 15
\BOOKMARK [2][-]{subsection.2.4}{\376\377\000D\000e\000b\000y\000e\000\040\000f\000r\000e\000q\000u\000e\000n\000c\000y\000\040}{section.2}% 16
\BOOKMARK [2][-]{subsection.2.5}{\376\377\000D\000e\000n\000s\000i\000t\000y\000\040\000o\000f\000\040\000f\000r\000e\000q\000u\000e\000n\000c\000i\000e\000s\000\040}{section.2}% 17
\BOOKMARK [2][-]{subsection.2.6}{\376\377\000G\000e\000n\000e\000r\000a\000l\000\040\000d\000e\000n\000s\000i\000t\000y\000\040\000o\000f\000\040\000s\000t\000a\000t\000e\000s}{section.2}% 18
\BOOKMARK [2][-]{subsection.2.7}{\376\377\000D\000e\000b\000y\000e\000\040\000H\000e\000a\000t\000\040\000C\000a\000p\000a\000c\000i\000t\000y}{section.2}% 19
\BOOKMARK [1][-]{section.3}{\376\377\000T\000h\000e\000o\000r\000y\000\040\000o\000f\000\040\000i\000d\000e\000a\000l\000\040\000s\000u\000b\000s\000y\000s\000t\000e\000m\000s\000\040\000o\000f\000\040\000i\000d\000e\000n\000t\000i\000c\000a\000l\000\040\000p\000a\000r\000t\000i\000c\000l\000e\000s}{}% 20
\BOOKMARK [2][-]{subsection.3.1}{\376\377\000B\000o\000s\000e\000-\000E\000i\000n\000s\000t\000e\000i\000n\000\040\000a\000n\000d\000\040\000F\000e\000r\000m\000i\000-\000D\000i\000r\000a\000c\000\040\000s\000t\000a\000t\000i\000s\000t\000i\000c\000s}{section.3}% 21
\BOOKMARK [2][-]{subsection.3.2}{\376\377\000N\000o\000n\000-\000r\000e\000l\000a\000t\000i\000v\000i\000s\000t\000i\000c\000\040\000B\000o\000s\000o\000n\000i\000c\000\040\000g\000a\000s}{section.3}% 22
\BOOKMARK [3][-]{subsubsection.3.2.1}{\376\377\000P\000o\000l\000y\000-\000L\000o\000g\000a\000r\000i\000t\000h\000m\000s}{subsection.3.2}% 23
\BOOKMARK [2][-]{subsection.3.3}{\376\377\000B\000o\000s\000e\000-\000E\000i\000n\000s\000t\000e\000i\000n\000\040\000C\000o\000n\000d\000e\000n\000s\000a\000t\000i\000o\000n}{section.3}% 24
\BOOKMARK [3][-]{subsubsection.3.3.1}{\376\377\000L\000o\000w\000\040\000t\000e\000m\000p\000e\000r\000a\000t\000u\000r\000e\000\040\000l\000i\000m\000i\000t}{subsection.3.3}% 25
\BOOKMARK [3][-]{subsubsection.3.3.2}{\376\377\000H\000i\000g\000h\000\040\000t\000e\000m\000p\000e\000r\000a\000t\000u\000r\000e\000\040\000l\000i\000m\000i\000t}{subsection.3.3}% 26
\BOOKMARK [3][-]{subsubsection.3.3.3}{\376\377\000P\000r\000e\000s\000s\000u\000r\000e\000\040\000o\000f\000\040\000B\000o\000s\000e\000-\000E\000i\000n\000s\000t\000e\000i\000n\000\040\000g\000a\000s}{subsection.3.3}% 27
\BOOKMARK [3][-]{subsubsection.3.3.4}{\376\377\000E\000n\000e\000r\000g\000y\000\040\000d\000i\000s\000t\000r\000i\000b\000u\000t\000i\000o\000n\000\040}{subsection.3.3}% 28
\BOOKMARK [3][-]{subsubsection.3.3.5}{\376\377\000H\000e\000a\000t\000\040\000C\000a\000p\000a\000c\000i\000t\000y}{subsection.3.3}% 29
\BOOKMARK [3][-]{subsubsection.3.3.6}{\376\377\000W\000h\000a\000t\000\040\000i\000s\000,\000\040\000a\000n\000d\000\040\000w\000h\000a\000t\000\040\000i\000s\000\040\000n\000o\000t\000\040\000B\000E\000C\000?}{subsection.3.3}% 30
\BOOKMARK [2][-]{subsection.3.4}{\376\377\000F\000e\000r\000m\000i\000o\000n\000i\000c\000\040\000g\000a\000s\000e\000s}{section.3}% 31
\BOOKMARK [3][-]{subsubsection.3.4.1}{\376\377\000C\000l\000a\000s\000s\000i\000c\000a\000l\000\040\000a\000n\000d\000\040\000q\000u\000a\000n\000t\000u\000m\000\040\000r\000e\000g\000i\000m\000e\000s}{subsection.3.4}% 32
\BOOKMARK [2][-]{subsection.3.5}{\376\377\000F\000e\000r\000m\000i\000-\000E\000n\000e\000r\000g\000y}{section.3}% 33
\BOOKMARK [1][-]{section.4}{\376\377\000B\000l\000a\000c\000k\000b\000o\000d\000y\000\040\000R\000a\000d\000i\000a\000t\000i\000o\000n}{}% 34
\BOOKMARK [2][-]{subsection.4.1}{\376\377\000U\000l\000t\000r\000a\000v\000i\000o\000l\000e\000t\000\040\000C\000a\000t\000a\000s\000t\000r\000o\000p\000h\000e}{section.4}% 35
\BOOKMARK [2][-]{subsection.4.2}{\376\377\000P\000l\000a\000n\000c\000k\000'\000s\000\040\000L\000a\000w}{section.4}% 36
\BOOKMARK [2][-]{subsection.4.3}{\376\377\000S\000t\000e\000p\000h\000a\000n\000\040\000B\000o\000l\000t\000z\000m\000a\000n\000n\000\040\000l\000a\000w}{section.4}% 37
\BOOKMARK [2][-]{subsection.4.4}{\376\377\000R\000a\000d\000i\000a\000t\000i\000o\000n\000\040\000p\000r\000e\000s\000s\000u\000r\000e}{section.4}% 38
\BOOKMARK [3][-]{subsubsection.4.4.1}{\376\377\000R\000a\000d\000i\000a\000t\000i\000o\000n\000\040\000e\000n\000t\000r\000o\000p\000y\000\040}{subsection.4.4}% 39
\BOOKMARK [1][-]{section.5}{\376\377\000S\000t\000a\000t\000i\000s\000t\000i\000c\000a\000l\000\040\000p\000h\000y\000s\000i\000c\000s\000\040\000i\000n\000\040\000d\000-\000d\000i\000m\000e\000n\000s\000i\000o\000n\000s}{}% 40
\BOOKMARK [2][-]{subsection.5.1}{\376\377\000A\000n\000\040\000e\000v\000e\000n\000\040\000m\000o\000r\000e\000\040\000g\000e\000n\000e\000r\000a\000l\000\040\000d\000e\000n\000s\000i\000t\000y\000\040\000o\000f\000\040\000s\000t\000a\000t\000e\000s}{section.5}% 41
\BOOKMARK [3][-]{subsubsection.5.1.1}{\376\377\000G\000e\000n\000e\000r\000a\000l\000\040\000d\000i\000s\000p\000e\000r\000s\000i\000o\000n\000\040\000r\000e\000l\000a\000t\000i\000o\000n}{subsection.5.1}% 42
