\BOOKMARK [1][-]{section.1}{\376\377\000T\000h\000e\000r\000m\000o\000d\000y\000n\000a\000m\000i\000c\000s}{}% 1
\BOOKMARK [2][-]{subsection.1.1}{\376\377\000S\000y\000s\000t\000e\000m}{section.1}% 2
\BOOKMARK [2][-]{subsection.1.2}{\376\377\000S\000t\000a\000t\000i\000c\000\040\000s\000t\000a\000t\000e\000s}{section.1}% 3
\BOOKMARK [2][-]{subsection.1.3}{\376\377\000S\000i\000m\000p\000l\000e\000\040\000s\000y\000s\000t\000e\000m\000s}{section.1}% 4
\BOOKMARK [2][-]{subsection.1.4}{\376\377\000T\000h\000e\000r\000m\000o\000d\000y\000n\000a\000m\000i\000c\000\040\000p\000a\000r\000a\000m\000e\000t\000e\000r\000s}{section.1}% 5
\BOOKMARK [2][-]{subsection.1.5}{\376\377\000P\000o\000s\000t\000u\000l\000a\000t\000e\000\040\0001}{section.1}% 6
\BOOKMARK [2][-]{subsection.1.6}{\376\377\000W\000a\000l\000l\000s\000\040\000a\000n\000d\000\040\000C\000o\000n\000s\000t\000r\000a\000i\000n\000t\000s\000/\000\040\000B\000o\000u\000n\000d\000a\000r\000i\000e\000s}{section.1}% 7
\BOOKMARK [2][-]{subsection.1.7}{\376\377\000T\000y\000p\000e\000s\000\040\000o\000f\000\040\000B\000o\000u\000n\000d\000a\000r\000i\000e\000s}{section.1}% 8
\BOOKMARK [2][-]{subsection.1.8}{\376\377\000P\000o\000s\000t\000u\000l\000a\000t\000e\000\040\0002}{section.1}% 9
\BOOKMARK [2][-]{subsection.1.9}{\376\377\000Q\000u\000a\000s\000i\000\040\000s\000t\000a\000t\000e\000\040\000p\000r\000o\000c\000e\000s\000s}{section.1}% 10
\BOOKMARK [2][-]{subsection.1.10}{\376\377\0001\000s\000t\000\040\000L\000a\000w\000\040\000o\000f\000\040\000t\000h\000e\000r\000m\000o\000d\000y\000n\000a\000m\000i\000c\000s}{section.1}% 11
\BOOKMARK [2][-]{subsection.1.11}{\376\377\000E\000x\000a\000c\000t\000\040\000d\000i\000f\000f\000e\000r\000e\000n\000t\000i\000a\000l\000\040}{section.1}% 12
\BOOKMARK [2][-]{subsection.1.12}{\376\377\000B\000a\000s\000i\000c\000\040\000p\000r\000o\000b\000l\000e\000m\000\040\000i\000n\000\040\000t\000h\000e\000r\000m\000o\000d\000y\000n\000a\000m\000i\000c\000s}{section.1}% 13
\BOOKMARK [2][-]{subsection.1.13}{\376\377\0002\000n\000d\000\040\000L\000a\000w\000\040\000o\000f\000\040\000t\000h\000e\000r\000m\000o\000d\000y\000n\000a\000m\000i\000c\000s}{section.1}% 14
\BOOKMARK [2][-]{subsection.1.14}{\376\377\000F\000u\000r\000t\000h\000e\000r\000\040\000r\000e\000s\000t\000r\000i\000c\000t\000i\000o\000n\000s\000\040\000o\000n\000\040\000S}{section.1}% 15
\BOOKMARK [2][-]{subsection.1.15}{\376\377\000H\000o\000m\000o\000g\000e\000n\000e\000o\000u\000s\000\040\000d\000e\000g\000r\000e\000e\000\040\000k\000\040\000f\000u\000n\000c\000t\000i\000o\000n}{section.1}% 16
\BOOKMARK [2][-]{subsection.1.16}{\376\377\0003\000r\000d\000\040\000L\000a\000w\000\040\000o\000f\000\040\000t\000h\000e\000r\000m\000o\000d\000y\000n\000a\000m\000i\000c\000s\000\040}{section.1}% 17
\BOOKMARK [2][-]{subsection.1.17}{\376\377\000I\000n\000t\000e\000n\000s\000i\000v\000e\000\040\000p\000a\000r\000a\000m\000e\000t\000e\000r\000s}{section.1}% 18
\BOOKMARK [2][-]{subsection.1.18}{\376\377\000G\000i\000b\000b\000s\000\040\000D\000u\000h\000e\000m\000\040\000r\000e\000l\000a\000t\000i\000o\000n\000\040}{section.1}% 19
\BOOKMARK [2][-]{subsection.1.19}{\376\377\000E\000u\000l\000e\000r\000'\000s\000\040\000t\000h\000e\000o\000r\000e\000m\000\040\000f\000o\000r\000\040\000h\000o\000m\000o\000g\000e\000n\000e\000o\000u\000s\000\040\000f\000u\000n\000c\000t\000i\000o\000n\000s\000\040}{section.1}% 20
\BOOKMARK [2][-]{subsection.1.20}{\376\377\000S\000o\000l\000v\000i\000n\000g\000\040\000t\000h\000e\000\040\000G\000i\000b\000b\000s\000-\000D\000u\000h\000e\000m\000\040\000r\000e\000l\000a\000t\000i\000o\000n}{section.1}% 21
\BOOKMARK [2][-]{subsection.1.21}{\376\377\000T\000h\000e\000r\000m\000o\000d\000y\000n\000a\000m\000i\000c\000\040\000c\000o\000n\000f\000i\000g\000u\000r\000a\000t\000i\000o\000n\000\040\000s\000p\000a\000c\000e}{section.1}% 22
\BOOKMARK [2][-]{subsection.1.22}{\376\377\000F\000u\000n\000d\000a\000m\000e\000n\000t\000a\000l\000\040\000r\000e\000l\000a\000t\000i\000o\000n}{section.1}% 23
\BOOKMARK [2][-]{subsection.1.23}{\376\377\000F\000r\000e\000e\000\040\000e\000x\000p\000a\000n\000s\000i\000o\000n}{section.1}% 24
\BOOKMARK [2][-]{subsection.1.24}{\376\377\000T\000h\000e\000r\000m\000o\000d\000y\000n\000a\000m\000i\000c\000\040\000P\000o\000t\000e\000n\000t\000i\000a\000l\000s}{section.1}% 25
\BOOKMARK [3][-]{subsubsection.1.24.1}{\376\377\000H\000e\000l\000m\000h\000o\000l\000t\000z\000\040\000F\000r\000e\000e}{subsection.1.24}% 26
\BOOKMARK [3][-]{subsubsection.1.24.2}{\376\377\000G\000i\000b\000b\000s\000\040\000f\000r\000e\000e}{subsection.1.24}% 27
\BOOKMARK [3][-]{subsubsection.1.24.3}{\376\377\000G\000r\000a\000n\000d\000\040\000c\000a\000n\000o\000n\000i\000c\000a\000l\000\040\000p\000o\000t\000e\000n\000t\000i\000a\000l}{subsection.1.24}% 28
\BOOKMARK [3][-]{subsubsection.1.24.4}{\376\377\000E\000n\000t\000h\000a\000l\000p\000y}{subsection.1.24}% 29
\BOOKMARK [2][-]{subsection.1.25}{\376\377\000M\000a\000x\000w\000e\000l\000l\000'\000s\000\040\000r\000e\000l\000a\000t\000i\000o\000n\000s}{section.1}% 30
\BOOKMARK [2][-]{subsection.1.26}{\376\377\000C\000o\000n\000c\000a\000v\000i\000t\000y\000/\000C\000o\000n\000v\000e\000x\000i\000t\000y}{section.1}% 31
\BOOKMARK [2][-]{subsection.1.27}{\376\377\000H\000e\000s\000s\000i\000a\000n\000\040\000m\000a\000t\000r\000i\000x}{section.1}% 32
\BOOKMARK [2][-]{subsection.1.28}{\376\377\000P\000h\000y\000s\000i\000c\000a\000l\000\040\000p\000r\000o\000p\000e\000r\000t\000i\000e\000s\000\040}{section.1}% 33
\BOOKMARK [3][-]{subsubsection.1.28.1}{\376\377\000H\000e\000a\000t\000\040\000C\000a\000p\000a\000c\000i\000t\000i\000e\000s\000\040}{subsection.1.28}% 34
\BOOKMARK [3][-]{subsubsection.1.28.2}{\376\377\000C\000o\000e\000f\000f\000i\000c\000i\000e\000n\000t\000\040\000o\000f\000\040\000t\000h\000e\000r\000m\000a\000l\000\040\000e\000x\000p\000a\000n\000s\000i\000o\000n\000\040}{subsection.1.28}% 35
\BOOKMARK [3][-]{subsubsection.1.28.3}{\376\377\000C\000o\000e\000f\000f\000i\000c\000i\000e\000n\000t\000\040\000o\000f\000\040\000i\000s\000o\000t\000h\000e\000r\000m\000a\000l\000/\000i\000s\000e\000n\000t\000r\000o\000p\000i\000c\000\040\000c\000o\000m\000p\000r\000e\000s\000s\000a\000b\000i\000l\000i\000t\000y}{subsection.1.28}% 36
\BOOKMARK [2][-]{subsection.1.29}{\376\377\000C\000o\000n\000s\000e\000q\000u\000e\000n\000c\000e\000s\000\040\000o\000f\000\040\000s\000t\000a\000b\000i\000l\000i\000t\000y\000\040}{section.1}% 37
\BOOKMARK [2][-]{subsection.1.30}{\376\377\000P\000h\000a\000s\000e\000\040\000t\000r\000a\000n\000s\000i\000t\000i\000o\000n\000s\000\040}{section.1}% 38
\BOOKMARK [2][-]{subsection.1.31}{\376\377\000F\000i\000r\000s\000t\000\040\000o\000r\000d\000e\000r\000\040\000p\000h\000a\000s\000e\000\040\000t\000r\000a\000n\000s\000i\000t\000i\000o\000n\000s}{section.1}% 39
\BOOKMARK [2][-]{subsection.1.32}{\376\377\000S\000e\000c\000o\000n\000d\000\040\000o\000r\000d\000e\000r\000\040\000p\000h\000a\000s\000e\000\040\000t\000r\000a\000n\000s\000i\000t\000i\000o\000n}{section.1}% 40
\BOOKMARK [2][-]{subsection.1.33}{\376\377\000C\000l\000a\000u\000s\000i\000u\000s\000-\000C\000l\000a\000p\000e\000y\000r\000o\000n\000\040\000e\000q\000u\000a\000t\000i\000o\000n}{section.1}% 41
\BOOKMARK [2][-]{subsection.1.34}{\376\377\000G\000i\000b\000b\000s\000\040\000p\000h\000a\000s\000e\000\040\000r\000u\000l\000e\000\040}{section.1}% 42
\BOOKMARK [2][-]{subsection.1.35}{\376\377\000C\000r\000i\000t\000i\000c\000a\000l\000\040\000p\000o\000i\000n\000t\000\040\000o\000f\000\040\000t\000r\000a\000n\000s\000i\000t\000i\000o\000n}{section.1}% 43
\BOOKMARK [1][-]{section.2}{\376\377\000M\000a\000t\000h\000e\000m\000a\000t\000i\000c\000s\000\040\000o\000f\000\040\000S\000t\000a\000t\000i\000s\000t\000i\000c\000a\000l\000\040\000m\000e\000c\000h\000a\000n\000i\000c\000s}{}% 44
\BOOKMARK [2][-]{subsection.2.1}{\376\377\000G\000a\000m\000m\000a\000\040\000f\000u\000n\000c\000t\000i\000o\000n}{section.2}% 45
\BOOKMARK [2][-]{subsection.2.2}{\376\377\000M\000a\000n\000y\000\040\000v\000a\000r\000i\000a\000b\000l\000e\000\040\000G\000a\000u\000s\000s\000i\000a\000n\000\040\000i\000n\000t\000e\000g\000r\000a\000l}{section.2}% 46
\BOOKMARK [2][-]{subsection.2.3}{\376\377\000B\000e\000t\000a\000\040\000F\000u\000n\000c\000t\000i\000o\000n}{section.2}% 47
\BOOKMARK [2][-]{subsection.2.4}{\376\377\000S\000t\000e\000r\000l\000i\000n\000g\000'\000s\000\040\000a\000p\000p\000r\000o\000x\000i\000m\000a\000t\000i\000o\000n}{section.2}% 48
\BOOKMARK [2][-]{subsection.2.5}{\376\377\000A\000r\000e\000a\000\040\000o\000f\000\040\000a\000\040\000H\000y\000p\000e\000r\000-\000s\000p\000h\000e\000r\000e}{section.2}% 49
\BOOKMARK [2][-]{subsection.2.6}{\376\377\000V\000o\000l\000u\000m\000e\000\040\000o\000f\000\040\000a\000n\000\040\000n\000-\000b\000a\000l\000l}{section.2}% 50
\BOOKMARK [1][-]{section.3}{\376\377\000P\000r\000o\000b\000a\000b\000i\000l\000i\000t\000y\000\040\000a\000n\000d\000\040\000s\000t\000a\000t\000i\000s\000t\000i\000c\000s}{}% 51
\BOOKMARK [2][-]{subsection.3.1}{\376\377\000S\000a\000m\000p\000l\000e\000\040\000s\000p\000a\000c\000e\000\040}{section.3}% 52
\BOOKMARK [2][-]{subsection.3.2}{\376\377\000P\000r\000o\000b\000a\000b\000i\000l\000i\000t\000y}{section.3}% 53
\BOOKMARK [2][-]{subsection.3.3}{\376\377\000R\000a\000n\000d\000o\000m\000\040\000v\000a\000r\000i\000a\000b\000l\000e}{section.3}% 54
\BOOKMARK [2][-]{subsection.3.4}{\376\377\000P\000r\000o\000b\000a\000b\000i\000l\000i\000t\000y\000\040\000d\000i\000s\000t\000r\000i\000b\000u\000t\000i\000o\000n}{section.3}% 55
\BOOKMARK [2][-]{subsection.3.5}{\376\377\000D\000i\000s\000c\000r\000e\000t\000e\000\040\000v\000a\000r\000i\000a\000b\000l\000e\000s\000\040}{section.3}% 56
\BOOKMARK [2][-]{subsection.3.6}{\376\377\000C\000o\000n\000t\000i\000n\000u\000o\000u\000s\000\040\000v\000a\000r\000i\000a\000b\000l\000e\000s}{section.3}% 57
\BOOKMARK [2][-]{subsection.3.7}{\376\377\000M\000e\000a\000n\000\040\000a\000n\000d\000\040\000v\000a\000r\000i\000a\000n\000c\000e}{section.3}% 58
\BOOKMARK [2][-]{subsection.3.8}{\376\377\000C\000o\000m\000m\000o\000n\000\040\000d\000i\000s\000t\000r\000i\000b\000u\000t\000i\000o\000n\000s}{section.3}% 59
\BOOKMARK [3][-]{subsubsection.3.8.1}{\376\377\000B\000i\000n\000o\000m\000i\000a\000l\000\040\000d\000i\000s\000t\000r\000i\000b\000u\000t\000i\000o\000n}{subsection.3.8}% 60
\BOOKMARK [3][-]{subsubsection.3.8.2}{\376\377\000M\000u\000l\000t\000i\000n\000o\000m\000i\000a\000l\000\040\000d\000i\000s\000t\000r\000i\000b\000u\000t\000i\000o\000n}{subsection.3.8}% 61
\BOOKMARK [3][-]{subsubsection.3.8.3}{\376\377\000P\000o\000i\000s\000s\000o\000n\000\040\000d\000i\000s\000t\000r\000i\000b\000u\000t\000i\000o\000n}{subsection.3.8}% 62
\BOOKMARK [3][-]{subsubsection.3.8.4}{\376\377\000G\000a\000u\000s\000s\000i\000a\000n\000\040\000d\000i\000s\000t\000r\000i\000b\000u\000t\000i\000o\000n}{subsection.3.8}% 63
\BOOKMARK [2][-]{subsection.3.9}{\376\377\000C\000e\000n\000t\000r\000a\000l\000\040\000l\000i\000m\000i\000t\000\040\000t\000h\000e\000o\000r\000e\000m\000\040}{section.3}% 64
\BOOKMARK [1][-]{section.4}{\376\377\000S\000t\000a\000t\000i\000s\000t\000i\000c\000a\000l\000\040\000m\000e\000c\000h\000a\000n\000i\000c\000s}{}% 65
\BOOKMARK [2][-]{subsection.4.1}{\376\377\000M\000a\000c\000r\000o\000\040\000a\000n\000d\000\040\000m\000i\000c\000r\000o\000s\000c\000o\000p\000i\000c\000\040\000d\000e\000s\000c\000r\000i\000p\000t\000i\000o\000n}{section.4}% 66
\BOOKMARK [2][-]{subsection.4.2}{\376\377\000E\000n\000s\000e\000m\000b\000l\000e}{section.4}% 67
\BOOKMARK [2][-]{subsection.4.3}{\376\377\000P\000h\000a\000s\000e\000\040\000s\000p\000a\000c\000e}{section.4}% 68
\BOOKMARK [2][-]{subsection.4.4}{\376\377\000N\000u\000m\000b\000e\000r\000\040\000o\000f\000\040\000m\000i\000c\000r\000o\000s\000t\000a\000t\000e\000s}{section.4}% 69
\BOOKMARK [2][-]{subsection.4.5}{\376\377\000P\000r\000o\000b\000a\000b\000i\000l\000i\000t\000y\000\040\000d\000i\000s\000t\000r\000i\000b\000u\000t\000i\000o\000n}{section.4}% 70
\BOOKMARK [3][-]{subsubsection.4.5.1}{\376\377\000L\000i\000o\000u\000v\000i\000l\000l\000e\000'\000s\000\040\000t\000h\000e\000o\000r\000e\000m}{subsection.4.5}% 71
\BOOKMARK [3][-]{subsubsection.4.5.2}{\376\377\000C\000o\000n\000s\000e\000r\000v\000a\000t\000i\000v\000e\000\040\000s\000y\000s\000t\000e\000m\000\040\000p\000r\000o\000b\000a\000b\000i\000l\000i\000t\000y\000\040\000d\000i\000s\000t\000r\000i\000b\000u\000t\000i\000o\000n}{subsection.4.5}% 72
\BOOKMARK [2][-]{subsection.4.6}{\376\377\000M\000i\000c\000r\000o\000c\000a\000n\000o\000n\000i\000c\000a\000l\000\040\000e\000n\000s\000e\000m\000b\000l\000e\000\040}{section.4}% 73
\BOOKMARK [2][-]{subsection.4.7}{\376\377\000D\000e\000n\000s\000i\000t\000y\000\040\000o\000f\000\040\000m\000i\000c\000r\000o\000s\000t\000a\000t\000e\000s}{section.4}% 74
\BOOKMARK [2][-]{subsection.4.8}{\376\377\000A\000p\000p\000r\000o\000x\000i\000m\000a\000t\000i\000o\000n\000s\000\040\000f\000o\000r\000\040\000c\000a\000l\000c\000u\000l\000a\000t\000i\000o\000n\000s}{section.4}% 75
\BOOKMARK [2][-]{subsection.4.9}{\376\377\000I\000d\000e\000n\000t\000i\000c\000a\000l\000\040\000p\000a\000r\000t\000i\000c\000l\000e\000\040\000s\000y\000s\000t\000e\000m\000s}{section.4}% 76
\BOOKMARK [2][-]{subsection.4.10}{\376\377\000I\000d\000e\000a\000l\000\040\000G\000a\000s}{section.4}% 77
\BOOKMARK [2][-]{subsection.4.11}{\376\377\000F\000i\000n\000d\000i\000n\000g\000\040\000v\000o\000l\000u\000m\000e\000\040\000a\000s\000s\000o\000c\000i\000a\000t\000e\000d\000\040\000t\000o\000\040\000a\000\040\000s\000i\000n\000g\000l\000e\000\040\000m\000i\000c\000r\000o\000s\000t\000a\000t\000e\000\040}{section.4}% 78
\BOOKMARK [2][-]{subsection.4.12}{\376\377\000C\000o\000n\000t\000a\000c\000t\000\040\000w\000i\000t\000h\000\040\000T\000h\000e\000r\000m\000o\000d\000y\000n\000a\000m\000i\000c\000s}{section.4}% 79
\BOOKMARK [3][-]{subsubsection.4.12.1}{\376\377\000P\000o\000s\000t\000u\000l\000a\000t\000e}{subsection.4.12}% 80
\BOOKMARK [3][-]{subsubsection.4.12.2}{\376\377\000E\000n\000t\000r\000o\000p\000y}{subsection.4.12}% 81
\BOOKMARK [2][-]{subsection.4.13}{\376\377\000E\000n\000t\000r\000o\000p\000y\000\040\000o\000f\000\040\000a\000n\000\040\000I\000d\000e\000a\000l\000\040\000G\000a\000s}{section.4}% 82
\BOOKMARK [2][-]{subsection.4.14}{\376\377\000P\000r\000o\000b\000a\000b\000i\000l\000i\000t\000y\000\040\000d\000i\000s\000t\000r\000i\000b\000u\000t\000i\000o\000n\000s\000\040}{section.4}% 83
\BOOKMARK [3][-]{subsubsection.4.14.1}{\376\377\000B\000o\000l\000t\000z\000m\000a\000n\000n\000\040\000d\000i\000s\000t\000r\000i\000b\000u\000t\000i\000o\000n}{subsection.4.14}% 84
