\BOOKMARK [1][-]{section.1}{\376\377\000E\000l\000e\000c\000t\000r\000o\000s\000t\000a\000t\000i\000c\000s}{}% 1
\BOOKMARK [2][-]{subsection.1.1}{\376\377\000C\000o\000u\000l\000o\000m\000b\000s\000\040\000L\000a\000w\000:}{section.1}% 2
\BOOKMARK [2][-]{subsection.1.2}{\376\377\000C\000o\000n\000t\000i\000n\000u\000o\000u\000s\000\040\000d\000i\000s\000t\000r\000i\000b\000u\000t\000i\000o\000n}{section.1}% 3
\BOOKMARK [2][-]{subsection.1.3}{\376\377\000G\000a\000u\000s\000s\000'\000\040\000L\000a\000w}{section.1}% 4
\BOOKMARK [2][-]{subsection.1.4}{\376\377\000S\000c\000a\000l\000a\000r\000\040\000p\000o\000t\000e\000n\000t\000i\000a\000l\000\040}{section.1}% 5
\BOOKMARK [2][-]{subsection.1.5}{\376\377\000W\000o\000r\000k\000\040\000t\000o\000\040\000m\000o\000v\000e\000\040\000a\000\040\000c\000h\000a\000r\000g\000e}{section.1}% 6
\BOOKMARK [2][-]{subsection.1.6}{\376\377\000C\000h\000a\000r\000g\000e\000d\000\040\000p\000l\000a\000t\000e}{section.1}% 7
\BOOKMARK [2][-]{subsection.1.7}{\376\377\000P\000o\000i\000s\000s\000o\000n\000'\000s\000\040\000e\000q\000u\000a\000t\000i\000o\000n}{section.1}% 8
\BOOKMARK [2][-]{subsection.1.8}{\376\377\000G\000r\000e\000e\000n\000s\000\040\000t\000h\000e\000o\000r\000e\000m\000s}{section.1}% 9
\BOOKMARK [2][-]{subsection.1.9}{\376\377\000U\000n\000i\000q\000u\000e\000n\000e\000s\000s\000\040\000o\000f\000\040\000s\000o\000l\000u\000t\000i\000o\000n\000\040\000w\000i\000t\000h\000\040\000b\000o\000u\000n\000d\000a\000r\000y\000\040\000c\000o\000n\000d\000i\000t\000i\000o\000n\000s}{section.1}% 10
\BOOKMARK [2][-]{subsection.1.10}{\376\377\000G\000r\000e\000e\000n\000s\000\040\000f\000u\000n\000c\000t\000i\000o\000n\000s}{section.1}% 11
\BOOKMARK [2][-]{subsection.1.11}{\376\377\000E\000n\000e\000r\000g\000y\000\040\000D\000e\000n\000s\000i\000t\000y}{section.1}% 12
\BOOKMARK [2][-]{subsection.1.12}{\376\377\000M\000i\000r\000r\000o\000r\000\040\000i\000m\000a\000g\000e\000\040\000p\000r\000o\000b\000l\000e\000m}{section.1}% 13
\BOOKMARK [2][-]{subsection.1.13}{\376\377\000S\000e\000p\000a\000r\000a\000t\000i\000o\000n\000\040\000o\000f\000\040\000v\000a\000r\000i\000a\000b\000l\000e\000s}{section.1}% 14
\BOOKMARK [2][-]{subsection.1.14}{\376\377\000S\000p\000h\000e\000r\000i\000c\000a\000l\000\040\000c\000o\000o\000r\000d\000i\000n\000a\000t\000e\000s\000\040}{section.1}% 15
\BOOKMARK [2][-]{subsection.1.15}{\376\377\000A\000z\000i\000m\000u\000t\000h\000a\000l\000\040\000s\000y\000m\000m\000e\000t\000r\000y}{section.1}% 16
\BOOKMARK [3][-]{subsubsection.1.15.1}{\376\377\000L\000e\000g\000e\000n\000d\000r\000e\000\040\000P\000o\000l\000y\000n\000o\000m\000i\000a\000l\000s}{subsection.1.15}% 17
\BOOKMARK [3][-]{subsubsection.1.15.2}{\376\377\000S\000o\000l\000u\000t\000i\000o\000n\000s\000\040\000f\000o\000r\000\040\000t\000h\000e\000\040\000p\000o\000t\000e\000n\000t\000i\000a\000l\000\040}{subsection.1.15}% 18
\BOOKMARK [2][-]{subsection.1.16}{\376\377\000P\000o\000i\000n\000t\000\040\000c\000h\000a\000r\000g\000e\000\040\000w\000i\000t\000h\000\040\000s\000p\000h\000e\000r\000i\000c\000a\000l\000\040\000c\000o\000-\000o\000r\000d\000s}{section.1}% 19
\BOOKMARK [2][-]{subsection.1.17}{\376\377\000N\000o\000\040\000A\000z\000i\000m\000u\000t\000h\000a\000l\000\040\000s\000y\000m\000m\000e\000t\000r\000y}{section.1}% 20
\BOOKMARK [2][-]{subsection.1.18}{\376\377\000C\000o\000m\000p\000l\000e\000t\000e\000n\000e\000s\000s\000\040\000r\000e\000l\000a\000t\000i\000o\000n}{section.1}% 21
\BOOKMARK [2][-]{subsection.1.19}{\376\377\000A\000d\000d\000i\000t\000i\000o\000n\000\040\000t\000h\000e\000o\000r\000e\000m\000\040\000f\000o\000r\000\040\000s\000p\000h\000e\000r\000i\000c\000a\000l\000\040\000h\000a\000r\000m\000o\000n\000i\000c\000s}{section.1}% 22
\BOOKMARK [2][-]{subsection.1.20}{\376\377\000E\000x\000p\000a\000n\000s\000i\000o\000n\000\040\000o\000f\000\040\000G\000r\000e\000e\000n\000s\000\040\000f\000u\000n\000c\000t\000i\000o\000n\000s\000\040\000i\000n\000\040\000s\000p\000h\000e\000r\000i\000c\000a\000l\000\040\000c\000o\000-\000o\000r\000d\000s}{section.1}% 23
\BOOKMARK [2][-]{subsection.1.21}{\376\377\000D\000e\000l\000t\000a\000\040\000f\000u\000n\000c\000t\000i\000o\000n\000s\000\040\000i\000n\000\040\000s\000p\000h\000e\000r\000i\000c\000a\000l\000\040\000c\000o\000-\000o\000r\000d\000s}{section.1}% 24
\BOOKMARK [2][-]{subsection.1.22}{\376\377\000A\000l\000t\000e\000r\000n\000a\000t\000e\000\040\000d\000e\000f\000i\000n\000i\000t\000i\000o\000n\000\040\000o\000f\000\040\000s\000p\000h\000e\000r\000i\000c\000a\000l\000\040\000h\000a\000r\000m\000o\000n\000i\000c\000s}{section.1}% 25
\BOOKMARK [2][-]{subsection.1.23}{\376\377\000G\000r\000e\000e\000n\000s\000\040\000f\000u\000n\000c\000t\000i\000o\000n\000\040\000b\000e\000t\000w\000e\000e\000n\000\040\000t\000w\000o\000\040\000s\000p\000h\000e\000r\000i\000c\000a\000l\000\040\000s\000h\000e\000l\000l\000s}{section.1}% 26
\BOOKMARK [2][-]{subsection.1.24}{\376\377\000C\000y\000l\000i\000n\000d\000r\000i\000c\000a\000l\000\040\000c\000o\000-\000o\000r\000d\000s\000\040}{section.1}% 27
\BOOKMARK [1][-]{section.2}{\376\377\000M\000a\000g\000n\000e\000t\000o\000-\000s\000t\000a\000t\000i\000c\000s}{}% 28
\BOOKMARK [2][-]{subsection.2.1}{\376\377\000C\000o\000n\000s\000e\000r\000v\000a\000t\000i\000o\000n\000\040\000o\000f\000\040\000c\000h\000a\000r\000g\000e}{section.2}% 29
\BOOKMARK [2][-]{subsection.2.2}{\376\377\000G\000a\000u\000s\000s\000'\000\040\000L\000a\000w\000\040\000f\000o\000r\000\040\000m\000a\000g\000n\000e\000t\000i\000s\000m}{section.2}% 30
\BOOKMARK [2][-]{subsection.2.3}{\376\377\000A\000m\000p\000e\000r\000e\000s\000\040\000L\000a\000w}{section.2}% 31
\BOOKMARK [2][-]{subsection.2.4}{\376\377\000B\000i\000o\000t\000\040\000S\000a\000v\000a\000r\000t\000\040\000L\000a\000w}{section.2}% 32
\BOOKMARK [2][-]{subsection.2.5}{\376\377\000G\000a\000u\000g\000e\000\040\000t\000r\000a\000n\000s\000f\000o\000r\000m\000a\000t\000i\000o\000n\000\040\000o\000f\000\040\000t\000h\000e\000\040\000V\000e\000c\000t\000o\000r\000\040\000p\000o\000t\000e\000n\000t\000i\000a\000l\000\040}{section.2}% 33
\BOOKMARK [2][-]{subsection.2.6}{\376\377\000C\000o\000u\000l\000o\000m\000b\000\040\000G\000a\000u\000g\000e}{section.2}% 34
\BOOKMARK [1][-]{section.3}{\376\377\000M\000a\000g\000n\000e\000t\000o\000-\000d\000y\000n\000a\000m\000i\000c\000s}{}% 35
\BOOKMARK [2][-]{subsection.3.1}{\376\377\000F\000a\000r\000a\000d\000a\000y\000'\000s\000\040\000l\000a\000w}{section.3}% 36
\BOOKMARK [2][-]{subsection.3.2}{\376\377\000T\000i\000m\000e\000\040\000d\000e\000p\000e\000n\000d\000a\000n\000t\000\040\000A\000m\000p\000e\000r\000e\000'\000s\000\040\000L\000a\000w}{section.3}% 37
\BOOKMARK [1][-]{section.4}{\376\377\000M\000a\000x\000w\000e\000l\000l\000'\000s\000\040\000e\000q\000u\000a\000t\000i\000o\000n\000s\000\040}{}% 38
\BOOKMARK [2][-]{subsection.4.1}{\376\377\000M\000a\000x\000w\000e\000l\000l\000'\000s\000\040\000e\000q\000u\000a\000t\000i\000o\000n\000s}{section.4}% 39
\BOOKMARK [2][-]{subsection.4.2}{\376\377\000E\000l\000e\000c\000t\000r\000o\000m\000a\000g\000n\000e\000t\000i\000c\000\040\000W\000a\000v\000e}{section.4}% 40
\BOOKMARK [2][-]{subsection.4.3}{\376\377\000V\000e\000c\000t\000o\000r\000\040\000a\000n\000d\000\040\000S\000c\000a\000l\000a\000r\000\040\000p\000o\000t\000e\000n\000t\000i\000a\000l\000s\000\040}{section.4}% 41
\BOOKMARK [3][-]{subsubsection.4.3.1}{\376\377\000L\000o\000r\000e\000n\000z\000\040\000g\000a\000u\000g\000e}{subsection.4.3}% 42
\BOOKMARK [1][-]{section.5}{\376\377\000T\000e\000n\000s\000o\000r\000s}{}% 43
\BOOKMARK [2][-]{subsection.5.1}{\376\377\000V\000e\000c\000t\000o\000r\000s}{section.5}% 44
