\BOOKMARK [1][-]{section.1}{\376\377\000O\000b\000s\000e\000r\000v\000a\000b\000l\000e\000\040\000p\000r\000o\000p\000e\000r\000t\000i\000e\000s\000\040\000o\000f\000\040\000s\000t\000a\000r\000s}{}% 1
\BOOKMARK [2][-]{subsection.1.1}{\376\377\000L\000u\000m\000i\000n\000o\000s\000i\000t\000y}{section.1}% 2
\BOOKMARK [2][-]{subsection.1.2}{\376\377\000P\000a\000r\000a\000l\000l\000a\000x}{section.1}% 3
\BOOKMARK [2][-]{subsection.1.3}{\376\377\000M\000a\000g\000n\000i\000t\000u\000d\000e\000s}{section.1}% 4
\BOOKMARK [2][-]{subsection.1.4}{\376\377\000E\000f\000f\000e\000c\000t\000i\000v\000e\000\040\000t\000e\000m\000p\000e\000r\000a\000t\000u\000r\000e}{section.1}% 5
\BOOKMARK [2][-]{subsection.1.5}{\376\377\000S\000t\000e\000l\000l\000a\000r\000\040\000t\000y\000p\000e\000s}{section.1}% 6
\BOOKMARK [2][-]{subsection.1.6}{\376\377\000C\000o\000l\000o\000u\000r\000\040\000t\000e\000m\000p\000e\000r\000a\000t\000u\000r\000e}{section.1}% 7
\BOOKMARK [2][-]{subsection.1.7}{\376\377\000E\000x\000c\000i\000t\000a\000t\000i\000o\000n\000\040\000t\000e\000m\000p\000e\000r\000a\000t\000u\000r\000e}{section.1}% 8
\BOOKMARK [2][-]{subsection.1.8}{\376\377\000I\000o\000n\000i\000s\000a\000t\000i\000o\000n\000\040\000e\000n\000e\000r\000g\000y}{section.1}% 9
\BOOKMARK [2][-]{subsection.1.9}{\376\377\000O\000p\000t\000i\000c\000a\000l\000\040\000o\000p\000a\000c\000i\000t\000y}{section.1}% 10
\BOOKMARK [2][-]{subsection.1.10}{\376\377\000P\000h\000o\000t\000o\000s\000p\000h\000e\000r\000e}{section.1}% 11
\BOOKMARK [2][-]{subsection.1.11}{\376\377\000A\000b\000s\000o\000r\000p\000t\000i\000o\000n\000\040\000t\000y\000p\000e\000s}{section.1}% 12
\BOOKMARK [3][-]{subsubsection.1.11.1}{\376\377\000B\000o\000u\000n\000d\000-\000b\000o\000u\000n\000d}{subsection.1.11}% 13
\BOOKMARK [3][-]{subsubsection.1.11.2}{\376\377\000B\000o\000u\000n\000d\000-\000f\000r\000e\000e}{subsection.1.11}% 14
\BOOKMARK [3][-]{subsubsection.1.11.3}{\376\377\000F\000r\000e\000e\000-\000f\000r\000e\000e}{subsection.1.11}% 15
\BOOKMARK [3][-]{subsubsection.1.11.4}{\376\377\000E\000l\000e\000c\000t\000r\000o\000n\000\040\000s\000c\000a\000t\000t\000e\000r\000i\000n\000g\000\040}{subsection.1.11}% 16
\BOOKMARK [1][-]{section.2}{\376\377\000E\000q\000u\000a\000t\000i\000o\000n\000s\000\040\000o\000f\000\040\000s\000t\000e\000l\000l\000a\000r\000\040\000s\000t\000r\000u\000c\000t\000u\000r\000e}{}% 17
\BOOKMARK [2][-]{subsection.2.1}{\376\377\000A\000s\000s\000u\000m\000p\000t\000i\000o\000n\000\040\000a\000n\000d\000\040\000v\000a\000r\000i\000a\000b\000l\000e\000s\000\040\000f\000o\000r\000\040\000s\000t\000e\000l\000l\000a\000r\000\040\000s\000t\000r\000u\000c\000t\000u\000r\000e}{section.2}% 18
\BOOKMARK [2][-]{subsection.2.2}{\376\377\000M\000e\000a\000n\000\040\000f\000r\000e\000e\000\040\000p\000a\000t\000h}{section.2}% 19
\BOOKMARK [2][-]{subsection.2.3}{\376\377\000H\000y\000d\000r\000o\000s\000t\000a\000t\000i\000c\000\040\000e\000q\000u\000i\000l\000i\000b\000r\000i\000u\000m}{section.2}% 20
\BOOKMARK [2][-]{subsection.2.4}{\376\377\000M\000a\000s\000s\000\040\000C\000o\000n\000t\000i\000n\000u\000i\000t\000y}{section.2}% 21
\BOOKMARK [2][-]{subsection.2.5}{\376\377\000M\000i\000n\000i\000m\000u\000m\000\040\000c\000e\000n\000t\000r\000a\000l\000\040\000p\000r\000e\000s\000s\000u\000r\000e\000\040\000o\000f\000\040\000a\000\040\000s\000t\000a\000r\000\040}{section.2}% 22
\BOOKMARK [2][-]{subsection.2.6}{\376\377\000M\000e\000a\000n\000\040\000m\000o\000l\000e\000c\000u\000l\000a\000r\000\040\000w\000e\000i\000g\000h\000t}{section.2}% 23
\BOOKMARK [2][-]{subsection.2.7}{\376\377\000C\000e\000n\000t\000r\000a\000l\000\040\000t\000e\000m\000p\000e\000r\000a\000t\000u\000r\000e\000\040\000o\000f\000\040\000a\000\040\000s\000t\000a\000r}{section.2}% 24
\BOOKMARK [2][-]{subsection.2.8}{\376\377\000R\000a\000d\000i\000a\000t\000i\000o\000n\000\040\000p\000r\000e\000s\000s\000u\000r\000e}{section.2}% 25
\BOOKMARK [2][-]{subsection.2.9}{\376\377\000E\000n\000e\000r\000g\000y\000\040\000c\000o\000n\000s\000e\000r\000v\000a\000t\000i\000o\000n\000\040\000i\000n\000\040\000a\000\040\000s\000t\000a\000r\000\040}{section.2}% 26
\BOOKMARK [2][-]{subsection.2.10}{\376\377\000V\000i\000r\000i\000a\000l\000\040\000t\000h\000e\000o\000r\000e\000m}{section.2}% 27
\BOOKMARK [2][-]{subsection.2.11}{\376\377\000K\000e\000l\000v\000i\000n\000-\000H\000e\000l\000m\000h\000o\000l\000t\000z\000\040\000t\000i\000m\000e\000s\000c\000a\000l\000e}{section.2}% 28
\BOOKMARK [2][-]{subsection.2.12}{\376\377\000N\000u\000c\000l\000e\000a\000r\000\040\000f\000u\000s\000i\000o\000n}{section.2}% 29
\BOOKMARK [2][-]{subsection.2.13}{\376\377\000R\000a\000d\000i\000a\000t\000i\000o\000n\000\040\000t\000r\000a\000n\000s\000f\000e\000r\000\040\000i\000n\000\040\000t\000h\000e\000\040\000s\000u\000n}{section.2}% 30
\BOOKMARK [2][-]{subsection.2.14}{\376\377\000E\000n\000e\000r\000g\000y\000\040\000t\000r\000a\000n\000s\000p\000o\000r\000t\000\040\000b\000y\000\040\000r\000a\000d\000i\000a\000t\000i\000o\000n}{section.2}% 31
\BOOKMARK [2][-]{subsection.2.15}{\376\377\000P\000o\000l\000y\000t\000r\000o\000p\000i\000c\000\040\000s\000o\000l\000u\000t\000i\000o\000n\000s}{section.2}% 32
\BOOKMARK [2][-]{subsection.2.16}{\376\377\000E\000d\000d\000i\000n\000g\000t\000o\000n\000\040\000l\000u\000m\000i\000n\000o\000s\000i\000t\000y}{section.2}% 33
\BOOKMARK [1][-]{section.3}{\376\377\000S\000t\000a\000r\000\040\000F\000o\000r\000m\000a\000t\000i\000o\000n\000\040}{}% 34
\BOOKMARK [2][-]{subsection.3.1}{\376\377\000C\000o\000l\000l\000a\000p\000s\000e\000\040\000o\000f\000\040\000c\000l\000o\000u\000d\000s}{section.3}% 35
\BOOKMARK [3][-]{subsubsection.3.1.1}{\376\377\000J\000e\000a\000n\000s\000\040\000M\000a\000s\000s}{subsection.3.1}% 36
\BOOKMARK [3][-]{subsubsection.3.1.2}{\376\377\000C\000o\000n\000v\000e\000r\000t\000e\000d\000\040\000G\000r\000a\000v\000i\000t\000a\000t\000i\000o\000n\000a\000l\000\040\000e\000n\000e\000r\000g\000y}{subsection.3.1}% 37
\BOOKMARK [3][-]{subsubsection.3.1.3}{\376\377\000F\000r\000a\000g\000m\000e\000n\000t\000a\000t\000i\000o\000n\000\040}{subsection.3.1}% 38
\BOOKMARK [2][-]{subsection.3.2}{\376\377\000P\000r\000o\000t\000o\000s\000t\000a\000r\000s\000\040}{section.3}% 39
\BOOKMARK [2][-]{subsection.3.3}{\376\377\000T\000h\000e\000\040\000M\000a\000i\000n\000\040\000s\000e\000q\000u\000e\000n\000c\000e\000\040}{section.3}% 40
