\BOOKMARK [1][-]{section.1}{\376\377\000T\000h\000e\000\040\000Q\000u\000a\000r\000k\000\040\000M\000o\000d\000e\000l}{}% 1
\BOOKMARK [2][-]{subsection.1.1}{\376\377\000I\000s\000o\000s\000p\000i\000n}{section.1}% 2
\BOOKMARK [2][-]{subsection.1.2}{\376\377\000A\000n\000t\000i\000-\000q\000u\000a\000r\000k\000\040\000D\000o\000u\000b\000l\000e\000t}{section.1}% 3
\BOOKMARK [2][-]{subsection.1.3}{\376\377\000M\000e\000s\000o\000n\000s}{section.1}% 4
\BOOKMARK [2][-]{subsection.1.4}{\376\377\000S\000U\000\050\0003\000\051\000\040\000F\000l\000a\000v\000o\000u\000r}{section.1}% 5
\BOOKMARK [2][-]{subsection.1.5}{\376\377\000L\000i\000g\000h\000t\000\040\000M\000e\000s\000o\000n\000s}{section.1}% 6
\BOOKMARK [2][-]{subsection.1.6}{\376\377\000B\000a\000r\000y\000o\000n\000s}{section.1}% 7
\BOOKMARK [2][-]{subsection.1.7}{\376\377\000T\000o\000t\000a\000l\000\040\000W\000a\000v\000e\000f\000u\000n\000c\000t\000i\000o\000n}{section.1}% 8
\BOOKMARK [1][-]{section.2}{\376\377\000S\000c\000a\000t\000t\000e\000r\000i\000n\000g\000\040\000\046\000\040\000D\000e\000c\000a\000y}{}% 9
\BOOKMARK [2][-]{subsection.2.1}{\376\377\000D\000e\000c\000a\000y}{section.2}% 10
\BOOKMARK [2][-]{subsection.2.2}{\376\377\000C\000r\000o\000s\000s\000\040\000S\000e\000c\000t\000i\000o\000n}{section.2}% 11
\BOOKMARK [2][-]{subsection.2.3}{\376\377\000M\000a\000s\000t\000e\000r\000\040\000F\000o\000r\000m\000u\000l\000a}{section.2}% 12
\BOOKMARK [2][-]{subsection.2.4}{\376\377\0002\000\040\000P\000a\000r\000t\000i\000c\000l\000e\000\040\000C\000o\000l\000l\000i\000s\000i\000o\000n}{section.2}% 13
\BOOKMARK [1][-]{section.3}{\376\377\000E\000l\000e\000c\000t\000r\000o\000n\000\040\000P\000o\000s\000i\000t\000r\000o\000n\000\040\000A\000n\000n\000i\000h\000i\000l\000a\000t\000i\000o\000n}{}% 14
\BOOKMARK [2][-]{subsection.3.1}{\376\377\000F\000e\000y\000n\000m\000a\000n\000\040\000D\000i\000a\000g\000r\000a\000m\000s}{section.3}% 15
\BOOKMARK [3][-]{subsubsection.3.1.1}{\376\377\000M\000a\000s\000s\000l\000e\000s\000s\000\040\000F\000e\000r\000m\000i\000o\000n\000s}{subsection.3.1}% 16
\BOOKMARK [2][-]{subsection.3.2}{\376\377\000M\000a\000t\000r\000i\000x\000\040\000E\000l\000e\000m\000e\000n\000t}{section.3}% 17
\BOOKMARK [2][-]{subsection.3.3}{\376\377\000C\000r\000o\000s\000s\000\040\000s\000e\000c\000t\000i\000o\000n\000s}{section.3}% 18
\BOOKMARK [2][-]{subsection.3.4}{\376\377\000e\000+\000\040\000e\000-\000\040\000\040\000H\000a\000d\000r\000o\000n\000s}{section.3}% 19
\BOOKMARK [1][-]{section.4}{\376\377\000D\000e\000e\000p\000\040\000I\000n\000e\000l\000a\000s\000t\000i\000c\000\040\000S\000c\000a\000t\000t\000e\000r\000i\000n\000g}{}% 20
\BOOKMARK [2][-]{subsection.4.1}{\376\377\000T\000h\000e\000\040\000P\000a\000r\000t\000o\000n\000\040\000M\000o\000d\000e\000l}{section.4}% 21
\BOOKMARK [2][-]{subsection.4.2}{\376\377\000C\000r\000o\000s\000s\000i\000n\000g\000\040\000S\000y\000m\000m\000e\000t\000r\000y}{section.4}% 22
\BOOKMARK [2][-]{subsection.4.3}{\376\377\000E\000l\000e\000c\000t\000r\000o\000n\000\040\000Q\000u\000a\000r\000k\000\040\000S\000c\000a\000t\000t\000e\000r\000i\000n\000g}{section.4}% 23
