\BOOKMARK [1][-]{section.1}{\376\377\000M\000e\000c\000h\000a\000n\000i\000c\000s}{}% 1
\BOOKMARK [2][-]{subsection.1.1}{\376\377\000C\000o\000n\000s\000t\000a\000n\000t\000\040\000a\000c\000c\000e\000l\000e\000r\000a\000t\000i\000o\000n}{section.1}% 2
\BOOKMARK [2][-]{subsection.1.2}{\376\377\000F\000o\000r\000c\000e}{section.1}% 3
\BOOKMARK [2][-]{subsection.1.3}{\376\377\000F\000r\000i\000c\000t\000i\000o\000n}{section.1}% 4
\BOOKMARK [2][-]{subsection.1.4}{\376\377\000W\000o\000r\000k}{section.1}% 5
\BOOKMARK [3][-]{subsubsection.1.4.1}{\376\377\000P\000o\000w\000e\000r}{subsection.1.4}% 6
\BOOKMARK [2][-]{subsection.1.5}{\376\377\000C\000i\000r\000c\000u\000l\000a\000r\000\040\000m\000o\000t\000i\000o\000n\000\040\000\046\000\040\000R\000o\000t\000a\000t\000i\000o\000n}{section.1}% 7
\BOOKMARK [3][-]{subsubsection.1.5.1}{\376\377\000R\000o\000t\000a\000t\000i\000o\000n\000a\000l\000\040\000K\000i\000n\000e\000t\000i\000c\000\040\000e\000n\000e\000r\000g\000y}{subsection.1.5}% 8
\BOOKMARK [3][-]{subsubsection.1.5.2}{\376\377\000P\000a\000r\000a\000l\000l\000e\000l\000\040\000a\000x\000i\000s\000\040\000T\000h\000e\000o\000r\000e\000m}{subsection.1.5}% 9
\BOOKMARK [3][-]{subsubsection.1.5.3}{\376\377\000T\000o\000r\000q\000u\000e}{subsection.1.5}% 10
\BOOKMARK [3][-]{subsubsection.1.5.4}{\376\377\000A\000n\000g\000u\000l\000a\000r\000\040\000m\000o\000m\000e\000n\000t\000u\000m}{subsection.1.5}% 11
\BOOKMARK [2][-]{subsection.1.6}{\376\377\000C\000e\000n\000t\000e\000r\000\040\000o\000f\000\040\000M\000a\000s\000s}{section.1}% 12
\BOOKMARK [2][-]{subsection.1.7}{\376\377\000S\000t\000r\000e\000s\000s\000/\000s\000t\000r\000a\000i\000n}{section.1}% 13
\BOOKMARK [3][-]{subsubsection.1.7.1}{\376\377\000T\000e\000n\000s\000i\000l\000e\000\040\000S\000t\000r\000e\000n\000g\000t\000h}{subsection.1.7}% 14
\BOOKMARK [2][-]{subsection.1.8}{\376\377\000G\000r\000a\000v\000i\000t\000a\000t\000i\000o\000n}{section.1}% 15
\BOOKMARK [3][-]{subsubsection.1.8.1}{\376\377\000A\000c\000c\000e\000l\000e\000r\000a\000t\000i\000o\000n\000\040\000d\000u\000e\000\040\000t\000o\000\040\000g\000r\000a\000v\000i\000t\000y}{subsection.1.8}% 16
\BOOKMARK [2][-]{subsection.1.9}{\376\377\000O\000r\000b\000i\000t\000s}{section.1}% 17
\BOOKMARK [3][-]{subsubsection.1.9.1}{\376\377\000K\000e\000p\000l\000e\000r\000'\000s\000\040\000P\000e\000r\000i\000o\000d}{subsection.1.9}% 18
\BOOKMARK [2][-]{subsection.1.10}{\376\377\000P\000e\000r\000i\000o\000d\000i\000c\000\040\000m\000o\000t\000i\000o\000n}{section.1}% 19
\BOOKMARK [3][-]{subsubsection.1.10.1}{\376\377\000P\000e\000n\000d\000u\000l\000u\000m}{subsection.1.10}% 20
\BOOKMARK [3][-]{subsubsection.1.10.2}{\376\377\000D\000a\000m\000p\000e\000d\000\040\000H\000a\000r\000m\000o\000n\000i\000c\000\040\000M\000o\000t\000i\000o\000n}{subsection.1.10}% 21
\BOOKMARK [2][-]{subsection.1.11}{\376\377\000D\000e\000n\000s\000i\000t\000y\000\040\000a\000n\000d\000\040\000P\000r\000e\000s\000s\000u\000r\000e}{section.1}% 22
\BOOKMARK [3][-]{subsubsection.1.11.1}{\376\377\000P\000r\000e\000s\000s\000u\000r\000e\000\040\000i\000n\000\040\000a\000\040\000f\000l\000u\000i\000d}{subsection.1.11}% 23
\BOOKMARK [3][-]{subsubsection.1.11.2}{\376\377\000F\000l\000u\000i\000d\000\040\000F\000l\000o\000w}{subsection.1.11}% 24
\BOOKMARK [3][-]{subsubsection.1.11.3}{\376\377\000B\000e\000r\000n\000o\000u\000l\000l\000i\000'\000s\000\040\000e\000q\000u\000a\000t\000i\000o\000n}{subsection.1.11}% 25
\BOOKMARK [2][-]{subsection.1.12}{\376\377\000D\000r\000a\000g\000\040\000F\000o\000r\000c\000e}{section.1}% 26
\BOOKMARK [2][-]{subsection.1.13}{\376\377\000A\000r\000c\000h\000i\000m\000e\000d\000e\000s\000\040\000P\000r\000i\000n\000c\000i\000p\000l\000e}{section.1}% 27
\BOOKMARK [3][-]{subsubsection.1.13.1}{\376\377\000W\000a\000v\000e\000\040\000e\000q\000u\000a\000t\000i\000o\000n}{subsection.1.13}% 28
\BOOKMARK [3][-]{subsubsection.1.13.2}{\376\377\000W\000a\000v\000e\000\040\000P\000o\000w\000e\000r}{subsection.1.13}% 29
\BOOKMARK [3][-]{subsubsection.1.13.3}{\376\377\000B\000e\000a\000t\000\040\000f\000r\000e\000q\000u\000e\000n\000c\000y}{subsection.1.13}% 30
\BOOKMARK [3][-]{subsubsection.1.13.4}{\376\377\000D\000o\000p\000p\000l\000e\000r\000\040\000a\000f\000f\000e\000c\000t}{subsection.1.13}% 31
\BOOKMARK [1][-]{section.2}{\376\377\000T\000h\000e\000r\000m\000o\000d\000y\000n\000a\000m\000i\000c\000s}{}% 32
\BOOKMARK [2][-]{subsection.2.1}{\376\377\000H\000e\000a\000t}{section.2}% 33
\BOOKMARK [3][-]{subsubsection.2.1.1}{\376\377\000H\000e\000a\000t\000\040\000C\000a\000p\000a\000c\000i\000t\000y}{subsection.2.1}% 34
\BOOKMARK [3][-]{subsubsection.2.1.2}{\376\377\000L\000a\000t\000e\000n\000t\000\040\000H\000e\000a\000t}{subsection.2.1}% 35
\BOOKMARK [3][-]{subsubsection.2.1.3}{\376\377\000H\000e\000a\000t\000\040\000F\000l\000u\000x}{subsection.2.1}% 36
\BOOKMARK [2][-]{subsection.2.2}{\376\377\000I\000d\000e\000a\000l\000\040\000G\000a\000s}{section.2}% 37
\BOOKMARK [3][-]{subsubsection.2.2.1}{\376\377\000E\000n\000e\000r\000g\000y\000\040\000o\000f\000\040\000a\000\040\000G\000a\000s}{subsection.2.2}% 38
\BOOKMARK [2][-]{subsection.2.3}{\376\377\000M\000e\000a\000n\000\040\000f\000r\000e\000e\000\040\000P\000a\000t\000h}{section.2}% 39
\BOOKMARK [2][-]{subsection.2.4}{\376\377\000F\000i\000r\000s\000t\000\040\000L\000a\000w}{section.2}% 40
\BOOKMARK [2][-]{subsection.2.5}{\376\377\000P\000r\000o\000c\000e\000s\000s\000e\000s}{section.2}% 41
\BOOKMARK [3][-]{subsubsection.2.5.1}{\376\377\000A\000d\000i\000a\000b\000a\000t\000i\000c\000\040\000P\000r\000o\000c\000e\000s\000s}{subsection.2.5}% 42
\BOOKMARK [2][-]{subsection.2.6}{\376\377\000E\000f\000f\000i\000c\000a\000c\000y\000\040\000o\000f\000\040\000a\000\040\000h\000e\000a\000t\000\040\000e\000n\000g\000i\000n\000e}{section.2}% 43
\BOOKMARK [3][-]{subsubsection.2.6.1}{\376\377\000C\000a\000r\000n\000o\000t\000\040\000c\000y\000c\000l\000e}{subsection.2.6}% 44
\BOOKMARK [2][-]{subsection.2.7}{\376\377\000E\000n\000t\000r\000o\000p\000y}{section.2}% 45
\BOOKMARK [2][-]{subsection.2.8}{\376\377\000T\000h\000e\000r\000m\000a\000l\000\040\000c\000o\000n\000d\000u\000c\000t\000i\000v\000i\000t\000y}{section.2}% 46
\BOOKMARK [2][-]{subsection.2.9}{\376\377\000M\000e\000a\000s\000u\000r\000a\000b\000l\000e\000\040\000Q\000u\000a\000n\000t\000i\000t\000i\000e\000s}{section.2}% 47
\BOOKMARK [3][-]{subsubsection.2.9.1}{\376\377\000B\000u\000l\000k\000\040\000M\000o\000d\000u\000l\000u\000s}{subsection.2.9}% 48
\BOOKMARK [3][-]{subsubsection.2.9.2}{\376\377\000T\000h\000e\000r\000m\000a\000l\000\040\000E\000x\000p\000a\000n\000s\000i\000v\000i\000t\000y}{subsection.2.9}% 49
\BOOKMARK [3][-]{subsubsection.2.9.3}{\376\377\000C\000o\000m\000p\000r\000e\000s\000s\000i\000b\000i\000l\000i\000t\000i\000e\000s\000\040}{subsection.2.9}% 50
\BOOKMARK [2][-]{subsection.2.10}{\376\377\000M\000a\000x\000w\000e\000l\000l\000\040\000r\000e\000l\000a\000t\000i\000o\000n\000s}{section.2}% 51
\BOOKMARK [2][-]{subsection.2.11}{\376\377\000T\000h\000e\000r\000m\000o\000d\000y\000n\000a\000m\000i\000c\000\040\000p\000o\000t\000e\000n\000t\000i\000a\000l\000s}{section.2}% 52
\BOOKMARK [3][-]{subsubsection.2.11.1}{\376\377\000H\000e\000l\000m\000h\000o\000l\000t\000z\000\040\000F\000r\000e\000e}{subsection.2.11}% 53
\BOOKMARK [3][-]{subsubsection.2.11.2}{\376\377\000G\000i\000b\000b\000s\000\040\000f\000r\000e\000e}{subsection.2.11}% 54
\BOOKMARK [3][-]{subsubsection.2.11.3}{\376\377\000E\000n\000t\000h\000a\000l\000p\000y}{subsection.2.11}% 55
\BOOKMARK [2][-]{subsection.2.12}{\376\377\000P\000a\000r\000t\000i\000t\000i\000o\000n\000\040\000f\000u\000n\000c\000t\000i\000o\000n}{section.2}% 56
\BOOKMARK [1][-]{section.3}{\376\377\000E\000l\000e\000c\000t\000r\000o\000m\000a\000g\000n\000e\000t\000i\000s\000m}{}% 57
\BOOKMARK [2][-]{subsection.3.1}{\376\377\000C\000o\000u\000l\000o\000m\000b\000s\000\040\000L\000a\000w}{section.3}% 58
\BOOKMARK [2][-]{subsection.3.2}{\376\377\000E\000l\000e\000c\000t\000r\000i\000c\000\040\000F\000i\000e\000l\000d}{section.3}% 59
\BOOKMARK [2][-]{subsection.3.3}{\376\377\000E\000l\000e\000c\000t\000r\000i\000c\000\040\000P\000o\000t\000e\000n\000t\000i\000a\000l}{section.3}% 60
\BOOKMARK [3][-]{subsubsection.3.3.1}{\376\377\000E\000l\000e\000c\000t\000r\000i\000c\000\040\000E\000n\000e\000r\000g\000y\000\040\000D\000e\000n\000s\000i\000t\000y}{subsection.3.3}% 61
\BOOKMARK [2][-]{subsection.3.4}{\376\377\000D\000i\000p\000o\000l\000e\000s}{section.3}% 62
\BOOKMARK [2][-]{subsection.3.5}{\376\377\000G\000a\000u\000s\000s\000'\000\040\000L\000a\000w}{section.3}% 63
\BOOKMARK [2][-]{subsection.3.6}{\376\377\000C\000a\000p\000a\000c\000i\000t\000o\000r\000s}{section.3}% 64
\BOOKMARK [3][-]{subsubsection.3.6.1}{\376\377\000C\000h\000a\000r\000g\000i\000n\000g\000\040\000a\000\040\000c\000a\000p\000a\000c\000i\000t\000o\000r}{subsection.3.6}% 65
\BOOKMARK [3][-]{subsubsection.3.6.2}{\376\377\000E\000n\000e\000r\000g\000y\000\040\000i\000n\000\040\000a\000\040\000C\000a\000p\000a\000c\000i\000t\000o\000r}{subsection.3.6}% 66
\BOOKMARK [2][-]{subsection.3.7}{\376\377\000D\000i\000-\000e\000l\000e\000c\000t\000r\000i\000c}{section.3}% 67
\BOOKMARK [2][-]{subsection.3.8}{\376\377\000C\000u\000r\000r\000e\000n\000t}{section.3}% 68
\BOOKMARK [3][-]{subsubsection.3.8.1}{\376\377\000C\000u\000r\000r\000e\000n\000t\000\040\000d\000e\000n\000s\000i\000t\000y}{subsection.3.8}% 69
\BOOKMARK [2][-]{subsection.3.9}{\376\377\000R\000e\000s\000i\000s\000t\000i\000v\000i\000t\000y}{section.3}% 70
\BOOKMARK [2][-]{subsection.3.10}{\376\377\000R\000e\000s\000i\000s\000t\000a\000n\000c\000e}{section.3}% 71
\BOOKMARK [2][-]{subsection.3.11}{\376\377\000P\000o\000w\000e\000r\000\040\000l\000o\000s\000s}{section.3}% 72
\BOOKMARK [2][-]{subsection.3.12}{\376\377\000K\000i\000r\000c\000h\000h\000o\000f\000f\000'\000s\000\040\000l\000a\000w\000s}{section.3}% 73
\BOOKMARK [2][-]{subsection.3.13}{\376\377\000G\000a\000u\000s\000s\000'\000s\000\040\000L\000a\000w\000\040\000f\000o\000r\000\040\000M\000a\000g\000n\000e\000t\000i\000s\000m}{section.3}% 74
\BOOKMARK [2][-]{subsection.3.14}{\376\377\000F\000o\000r\000c\000e\000\040\000o\000n\000\040\000C\000h\000a\000r\000g\000e\000d\000\040\000p\000a\000r\000t\000i\000c\000l\000e}{section.3}% 75
\BOOKMARK [2][-]{subsection.3.15}{\376\377\000M\000a\000g\000n\000e\000t\000i\000c\000\040\000F\000i\000e\000l\000d\000\040\000d\000u\000e\000\040\000t\000o\000\040\000a\000\040\000W\000i\000r\000e\000\040}{section.3}% 76
\BOOKMARK [2][-]{subsection.3.16}{\376\377\000F\000a\000r\000a\000d\000a\000y\000'\000s\000\040\000l\000a\000w}{section.3}% 77
\BOOKMARK [3][-]{subsubsection.3.16.1}{\376\377\000M\000a\000g\000n\000e\000t\000i\000c\000\040\000E\000n\000e\000r\000g\000y\000\040\000D\000e\000n\000s\000i\000t\000y}{subsection.3.16}% 78
\BOOKMARK [2][-]{subsection.3.17}{\376\377\000R\000C\000L\000\040\000C\000i\000r\000c\000u\000i\000t}{section.3}% 79
\BOOKMARK [2][-]{subsection.3.18}{\376\377\000E\000n\000e\000r\000g\000y\000\040\000s\000t\000o\000r\000e\000d\000\040\000i\000n\000\040\000a\000\040\000I\000n\000d\000u\000c\000t\000o\000r}{section.3}% 80
\BOOKMARK [2][-]{subsection.3.19}{\376\377\000P\000o\000y\000t\000i\000n\000g\000\040\000V\000e\000c\000t\000o\000r}{section.3}% 81
\BOOKMARK [1][-]{section.4}{\376\377\000S\000p\000e\000c\000i\000a\000l\000\040\000R\000e\000l\000a\000t\000i\000v\000i\000t\000y}{}% 82
\BOOKMARK [2][-]{subsection.4.1}{\376\377\000L\000o\000r\000e\000n\000t\000z\000\040\000T\000r\000a\000n\000s\000f\000o\000r\000m\000a\000t\000i\000o\000n}{section.4}% 83
\BOOKMARK [3][-]{subsubsection.4.1.1}{\376\377\000L\000e\000n\000g\000t\000h\000\040\000C\000o\000n\000t\000r\000a\000c\000t\000i\000o\000n}{subsection.4.1}% 84
\BOOKMARK [3][-]{subsubsection.4.1.2}{\376\377\000T\000i\000m\000e\000\040\000D\000i\000l\000a\000t\000i\000o\000n}{subsection.4.1}% 85
\BOOKMARK [3][-]{subsubsection.4.1.3}{\376\377\000P\000r\000o\000p\000e\000r\000\040\000t\000i\000m\000e}{subsection.4.1}% 86
\BOOKMARK [2][-]{subsection.4.2}{\376\377\000V\000e\000l\000o\000c\000i\000t\000y\000\040\000t\000r\000a\000n\000s\000f\000o\000r\000m\000a\000t\000i\000o\000n}{section.4}% 87
\BOOKMARK [2][-]{subsection.4.3}{\376\377\000R\000e\000l\000a\000t\000i\000v\000i\000s\000t\000i\000c\000\040\000D\000o\000p\000p\000l\000e\000r\000\040\000E\000f\000f\000e\000c\000t}{section.4}% 88
\BOOKMARK [2][-]{subsection.4.4}{\376\377\000R\000e\000l\000a\000t\000i\000v\000i\000s\000t\000i\000c\000\040\000E\000n\000e\000r\000g\000y}{section.4}% 89
\BOOKMARK [2][-]{subsection.4.5}{\376\377\000R\000e\000l\000a\000t\000i\000v\000i\000s\000t\000i\000c\000\040\000m\000o\000m\000e\000n\000t\000u\000m}{section.4}% 90
\BOOKMARK [1][-]{section.5}{\376\377\000W\000a\000v\000e\000s\000\040\000a\000n\000d\000\040\000O\000p\000t\000i\000c\000s}{}% 91
\BOOKMARK [2][-]{subsection.5.1}{\376\377\000P\000h\000o\000t\000o\000n\000\040\000R\000e\000l\000a\000t\000i\000o\000n\000s}{section.5}% 92
\BOOKMARK [2][-]{subsection.5.2}{\376\377\000R\000a\000d\000i\000a\000t\000i\000o\000n\000\040\000P\000r\000e\000s\000s\000u\000r\000e}{section.5}% 93
\BOOKMARK [2][-]{subsection.5.3}{\376\377\000R\000e\000f\000r\000a\000c\000t\000i\000v\000e\000\040\000i\000n\000d\000e\000x}{section.5}% 94
\BOOKMARK [2][-]{subsection.5.4}{\376\377\000S\000n\000e\000l\000l\000'\000s\000\040\000l\000a\000w}{section.5}% 95
\BOOKMARK [2][-]{subsection.5.5}{\376\377\000C\000r\000i\000t\000i\000c\000a\000l\000\040\000A\000n\000g\000l\000e}{section.5}% 96
\BOOKMARK [2][-]{subsection.5.6}{\376\377\000P\000o\000l\000a\000r\000i\000z\000a\000t\000i\000o\000n}{section.5}% 97
\BOOKMARK [2][-]{subsection.5.7}{\376\377\000I\000n\000t\000e\000r\000f\000e\000r\000e\000n\000c\000e}{section.5}% 98
\BOOKMARK [2][-]{subsection.5.8}{\376\377\000R\000a\000y\000l\000e\000i\000g\000h\000\040\000C\000r\000i\000t\000e\000r\000i\000o\000n}{section.5}% 99
\BOOKMARK [1][-]{section.6}{\376\377\000Q\000u\000a\000n\000t\000u\000m\000\040\000M\000e\000c\000h\000a\000n\000i\000c\000s}{}% 100
\BOOKMARK [2][-]{subsection.6.1}{\376\377\000T\000i\000m\000e\000-\000I\000n\000d\000e\000p\000e\000n\000d\000e\000n\000t\000\040\000S\000c\000h\000r\000\366\000d\000i\000n\000g\000e\000r\000\040\000E\000q\000u\000a\000t\000i\000o\000n}{section.6}% 101
\BOOKMARK [2][-]{subsection.6.2}{\376\377\000T\000i\000m\000e\000-\000D\000e\000p\000e\000n\000d\000e\000n\000t\000\040\000S\000c\000h\000r\000\366\000d\000i\000n\000g\000e\000r\000\040\000E\000q\000u\000a\000t\000i\000o\000n}{section.6}% 102
\BOOKMARK [2][-]{subsection.6.3}{\376\377\000I\000n\000f\000i\000n\000i\000t\000e\000\040\000p\000o\000t\000e\000n\000t\000i\000a\000l\000\040\000w\000e\000l\000l}{section.6}% 103
\BOOKMARK [2][-]{subsection.6.4}{\376\377\000D\000e\000B\000r\000o\000g\000l\000i\000e\000\040\000W\000a\000v\000e\000l\000e\000n\000g\000t\000h}{section.6}% 104
\BOOKMARK [2][-]{subsection.6.5}{\376\377\000U\000n\000c\000e\000r\000t\000a\000i\000n\000t\000y\000\040\000r\000e\000l\000a\000t\000i\000o\000n}{section.6}% 105
\BOOKMARK [2][-]{subsection.6.6}{\376\377\000H\000a\000r\000m\000o\000n\000i\000c\000\040\000o\000s\000c\000i\000l\000l\000a\000t\000o\000r}{section.6}% 106
\BOOKMARK [2][-]{subsection.6.7}{\376\377\000Z\000e\000e\000m\000a\000n\000n\000\040\000e\000f\000f\000e\000c\000t}{section.6}% 107
\BOOKMARK [2][-]{subsection.6.8}{\376\377\000H\000y\000d\000r\000o\000g\000e\000n\000\040\000A\000t\000o\000m}{section.6}% 108
\BOOKMARK [2][-]{subsection.6.9}{\376\377\000R\000y\000d\000b\000e\000r\000g\000\040\000f\000o\000r\000m\000u\000l\000a}{section.6}% 109
\BOOKMARK [1][-]{section.7}{\376\377\000C\000o\000n\000d\000e\000n\000s\000e\000d\000\040\000M\000a\000t\000t\000e\000r}{}% 110
\BOOKMARK [2][-]{subsection.7.1}{\376\377\000B\000r\000a\000g\000g\000'\000s\000\040\000L\000a\000w}{section.7}% 111
\BOOKMARK [1][-]{section.8}{\376\377\000N\000u\000c\000l\000e\000a\000r}{}% 112
\BOOKMARK [2][-]{subsection.8.1}{\376\377\000R\000a\000d\000i\000u\000s\000\040\000o\000f\000\040\000N\000u\000c\000l\000e\000u\000s}{section.8}% 113
\BOOKMARK [2][-]{subsection.8.2}{\376\377\000R\000a\000d\000i\000o\000a\000c\000t\000i\000v\000e\000\040\000D\000e\000c\000a\000y}{section.8}% 114
\BOOKMARK [2][-]{subsection.8.3}{\376\377\000A\000c\000t\000i\000v\000i\000t\000y}{section.8}% 115
\BOOKMARK [2][-]{subsection.8.4}{\376\377\000B\000a\000t\000e\000m\000a\000n\000\040\000E\000q\000u\000a\000t\000i\000o\000n}{section.8}% 116
\BOOKMARK [1][-]{section.9}{\376\377\000T\000a\000y\000l\000o\000r\000\040\000E\000x\000p\000a\000n\000s\000i\000o\000n\000s}{}% 117
