\BOOKMARK [1][-]{section.1}{\376\377\000T\000o\000p\000o\000l\000o\000g\000y\000\040\000o\000n\000\040\000R\000n}{}% 1
\BOOKMARK [2][-]{subsection.1.1}{\376\377\000M\000e\000t\000r\000i\000c\000\040\000s\000p\000a\000c\000e\000\040}{section.1}% 2
\BOOKMARK [2][-]{subsection.1.2}{\376\377\000O\000p\000e\000n\000/\000C\000l\000o\000s\000e\000d}{section.1}% 3
\BOOKMARK [2][-]{subsection.1.3}{\376\377\000C\000o\000n\000t\000i\000n\000u\000i\000t\000y}{section.1}% 4
\BOOKMARK [2][-]{subsection.1.4}{\376\377\000C\000o\000m\000p\000a\000c\000t}{section.1}% 5
\BOOKMARK [2][-]{subsection.1.5}{\376\377\000H\000e\000i\000n\000e\000\040\000B\000o\000r\000a\000l\000\040\000t\000h\000e\000o\000r\000e\000m}{section.1}% 6
\BOOKMARK [2][-]{subsection.1.6}{\376\377\000D\000i\000f\000f\000e\000r\000e\000n\000t\000i\000a\000t\000i\000o\000n}{section.1}% 7
\BOOKMARK [2][-]{subsection.1.7}{\376\377\000C\000h\000a\000i\000n\000\040\000r\000u\000l\000e\000\040}{section.1}% 8
\BOOKMARK [2][-]{subsection.1.8}{\376\377\000D\000i\000f\000f\000e\000o\000m\000o\000r\000p\000h\000i\000s\000m}{section.1}% 9
\BOOKMARK [2][-]{subsection.1.9}{\376\377\000I\000n\000v\000e\000r\000s\000e\000\040\000f\000u\000n\000c\000t\000i\000o\000n\000\040\000T\000h\000e\000o\000r\000e\000m}{section.1}% 10
\BOOKMARK [1][-]{section.2}{\376\377\000M\000a\000n\000i\000f\000o\000l\000d\000s}{}% 11
\BOOKMARK [2][-]{subsection.2.1}{\376\377\000M\000a\000n\000i\000f\000o\000l\000d\000s}{section.2}% 12
\BOOKMARK [3][-]{subsubsection.2.1.1}{\376\377\000P\000a\000r\000a\000m\000e\000t\000e\000r\000i\000s\000e\000d\000\040\000m\000a\000n\000i\000f\000o\000l\000d}{subsection.2.1}% 13
\BOOKMARK [2][-]{subsection.2.2}{\376\377\000A\000l\000t\000e\000r\000n\000a\000t\000e\000\040\000d\000e\000f\000i\000n\000i\000t\000i\000o\000n\000s}{section.2}% 14
\BOOKMARK [2][-]{subsection.2.3}{\376\377\000L\000o\000c\000a\000l\000l\000y\000\040\000s\000m\000o\000o\000t\000h}{section.2}% 15
\BOOKMARK [3][-]{subsubsection.2.3.1}{\376\377\000L\000o\000c\000a\000l\000\040\000s\000m\000o\000o\000t\000h\000n\000e\000s\000s\000\040\000d\000e\000f\000i\000n\000i\000t\000i\000o\000n\000\040\000o\000f\000\040\000a\000\040\000m\000a\000n\000i\000f\000o\000l\000d}{subsection.2.3}% 16
\BOOKMARK [1][-]{section.3}{\376\377\000P\000a\000r\000t\000i\000t\000i\000o\000n\000s\000\040\000o\000f\000\040\000u\000n\000i\000t\000y}{}% 17
\BOOKMARK [2][-]{subsection.3.1}{\376\377\000M\000a\000i\000n\000\040\000i\000d\000e\000a\000\040}{section.3}% 18
\BOOKMARK [2][-]{subsection.3.2}{\376\377\000T\000h\000e\000o\000r\000e\000m}{section.3}% 19
\BOOKMARK [2][-]{subsection.3.3}{\376\377\000L\000e\000m\000m\000a\000\040\0001}{section.3}% 20
\BOOKMARK [2][-]{subsection.3.4}{\376\377\000S\000u\000b\000-\000l\000e\000m\000m\000a}{section.3}% 21
\BOOKMARK [2][-]{subsection.3.5}{\376\377\000L\000e\000m\000m\000a\000\040\0002}{section.3}% 22
\BOOKMARK [2][-]{subsection.3.6}{\376\377\000E\000x\000t\000e\000n\000s\000i\000o\000n\000\040\000o\000f\000\040\000l\000o\000c\000a\000l\000l\000y\000\040\000s\000m\000o\000o\000t\000h\000\040\000f\000u\000n\000c\000t\000i\000o\000n\000s\000\040}{section.3}% 23
\BOOKMARK [1][-]{section.4}{\376\377\000B\000o\000u\000n\000d\000a\000r\000y\000\040\000o\000f\000\040\000m\000a\000n\000i\000f\000o\000l\000d\000s}{}% 24
\BOOKMARK [2][-]{subsection.4.1}{\376\377\000U\000p\000p\000e\000r\000\040\000h\000a\000l\000f\000\040\000p\000l\000a\000n\000e}{section.4}% 25
\BOOKMARK [2][-]{subsection.4.2}{\376\377\000B\000o\000u\000n\000d\000a\000r\000y\000\040\000o\000f\000\040\000a\000\040\000m\000a\000n\000i\000f\000o\000l\000d}{section.4}% 26
\BOOKMARK [3][-]{subsubsection.4.2.1}{\376\377\000P\000r\000o\000p\000o\000s\000i\000t\000i\000o\000n}{subsection.4.2}% 27
\BOOKMARK [2][-]{subsection.4.3}{\376\377\000L\000e\000m\000m\000a}{section.4}% 28
\BOOKMARK [2][-]{subsection.4.4}{\376\377\000C\000h\000a\000n\000g\000e\000\040\000o\000f\000\040\000c\000o\000-\000o\000r\000d\000i\000n\000a\000t\000e\000s\000\040\000t\000r\000a\000n\000s\000f\000o\000r\000m\000a\000t\000i\000o\000n}{section.4}% 29
\BOOKMARK [2][-]{subsection.4.5}{\376\377\000I\000n\000t\000e\000r\000i\000o\000r\000\040\000a\000n\000d\000\040\000B\000o\000u\000n\000d\000a\000r\000y\000\040\000p\000o\000i\000n\000t\000s}{section.4}% 30
\BOOKMARK [2][-]{subsection.4.6}{\376\377\000B\000o\000u\000n\000d\000a\000r\000y\000\040\000o\000f\000\040\000m\000a\000n\000i\000f\000o\000l\000d\000\040\000i\000s\000\040\000m\000a\000n\000i\000f\000o\000l\000d\000\040}{section.4}% 31
\BOOKMARK [2][-]{subsection.4.7}{\376\377\000L\000e\000m\000m\000a}{section.4}% 32
\BOOKMARK [2][-]{subsection.4.8}{\376\377\000M\000a\000n\000i\000f\000o\000l\000d\000s\000\040\000f\000r\000o\000m\000\040\000f\000u\000n\000c\000t\000i\000o\000n\000s}{section.4}% 33
\BOOKMARK [1][-]{section.5}{\376\377\000T\000a\000n\000g\000e\000n\000t\000\040\000s\000p\000a\000c\000e\000s}{}% 34
\BOOKMARK [2][-]{subsection.5.1}{\376\377\000T\000a\000n\000g\000e\000n\000t\000\040\000s\000p\000a\000c\000e\000s}{section.5}% 35
\BOOKMARK [3][-]{subsubsection.5.1.1}{\376\377\000L\000e\000m\000m\000a}{subsection.5.1}% 36
\BOOKMARK [2][-]{subsection.5.2}{\376\377\000M\000a\000p\000s\000\040\000B\000e\000t\000w\000e\000e\000n\000\040\000t\000a\000n\000g\000e\000n\000t\000\040\000s\000p\000a\000c\000e\000s}{section.5}% 37
\BOOKMARK [2][-]{subsection.5.3}{\376\377\000T\000a\000n\000g\000e\000n\000t\000\040\000B\000u\000n\000d\000l\000e}{section.5}% 38
\BOOKMARK [2][-]{subsection.5.4}{\376\377\000R\000e\000g\000u\000l\000a\000r\000\040\000a\000n\000d\000\040\000C\000r\000i\000t\000i\000c\000a\000l\000\040\000v\000a\000l\000u\000e\000s}{section.5}% 39
\BOOKMARK [3][-]{subsubsection.5.4.1}{\376\377\000R\000e\000g\000u\000l\000a\000r\000\040\000v\000a\000l\000u\000e\000\040\000m\000a\000n\000i\000f\000o\000l\000d}{subsection.5.4}% 40
\BOOKMARK [2][-]{subsection.5.5}{\376\377\000S\000a\000r\000d\000'\000s\000\040\000T\000h\000e\000o\000r\000e\000m}{section.5}% 41
\BOOKMARK [1][-]{section.6}{\376\377\000M\000u\000l\000t\000i\000-\000l\000i\000n\000e\000a\000r\000\040\000A\000l\000g\000e\000b\000r\000a}{}% 42
\BOOKMARK [2][-]{subsection.6.1}{\376\377\000B\000a\000s\000i\000s\000\040\000v\000e\000c\000t\000o\000r\000s}{section.6}% 43
\BOOKMARK [2][-]{subsection.6.2}{\376\377\000T\000e\000n\000s\000o\000r\000\040\000p\000r\000o\000d\000u\000c\000t\000\040}{section.6}% 44
\BOOKMARK [2][-]{subsection.6.3}{\376\377\000D\000u\000a\000l\000\040\000t\000r\000a\000n\000s\000f\000o\000r\000m\000a\000t\000i\000o\000n}{section.6}% 45
\BOOKMARK [1][-]{section.7}{\376\377\000A\000l\000t\000e\000r\000n\000a\000t\000i\000n\000g\000\040\000T\000e\000n\000s\000o\000r\000s\000\040}{}% 46
\BOOKMARK [2][-]{subsection.7.1}{\376\377\000S\000y\000m\000m\000e\000t\000r\000i\000c\000/\000A\000l\000t\000e\000r\000n\000a\000t\000i\000n\000g\000\040\000t\000e\000n\000s\000o\000r\000s}{section.7}% 47
\BOOKMARK [2][-]{subsection.7.2}{\376\377\000S\000y\000m\000m\000e\000t\000r\000i\000c\000\040\000g\000r\000o\000u\000p}{section.7}% 48
\BOOKMARK [3][-]{subsubsection.7.2.1}{\376\377\000E\000l\000e\000m\000e\000n\000t\000a\000r\000y\000\040\000p\000e\000r\000m\000u\000t\000a\000t\000i\000o\000n}{subsection.7.2}% 49
\BOOKMARK [3][-]{subsubsection.7.2.2}{\376\377\000L\000e\000m\000m\000a}{subsection.7.2}% 50
\BOOKMARK [2][-]{subsection.7.3}{\376\377\000S\000i\000g\000n\000\040\000f\000u\000n\000c\000t\000i\000o\000n}{section.7}% 51
\BOOKMARK [2][-]{subsection.7.4}{\376\377\000P\000e\000r\000m\000u\000t\000a\000t\000i\000o\000n\000\040\000o\000f\000\040\000t\000e\000n\000s\000o\000r\000s}{section.7}% 52
\BOOKMARK [3][-]{subsubsection.7.4.1}{\376\377\000L\000e\000m\000m\000a}{subsection.7.4}% 53
\BOOKMARK [2][-]{subsection.7.5}{\376\377\000S\000g\000n\000\040\000d\000e\000f\000i\000n\000i\000t\000i\000o\000n\000\040\000o\000f\000\040\000t\000e\000n\000s\000o\000r\000s\000\040}{section.7}% 54
\BOOKMARK [3][-]{subsubsection.7.5.1}{\376\377\000L\000e\000m\000m\000a}{subsection.7.5}% 55
\BOOKMARK [3][-]{subsubsection.7.5.2}{\376\377\000L\000e\000m\000m\000a}{subsection.7.5}% 56
\BOOKMARK [2][-]{subsection.7.6}{\376\377\000A\000l\000t\000e\000r\000n\000a\000t\000i\000n\000g\000\040\000T\000e\000n\000s\000o\000r\000\040}{section.7}% 57
\BOOKMARK [2][-]{subsection.7.7}{\376\377\000B\000a\000s\000i\000s\000\040\000o\000f\000\040\000A\000l\000t\000e\000r\000n\000a\000t\000i\000n\000g\000\040\000t\000e\000n\000s\000o\000r\000s}{section.7}% 58
\BOOKMARK [2][-]{subsection.7.8}{\376\377\000A\000l\000t\000e\000r\000n\000a\000t\000i\000n\000g\000\040\000D\000u\000a\000l}{section.7}% 59
\BOOKMARK [2][-]{subsection.7.9}{\376\377\000A\000l\000t\000e\000r\000n\000a\000t\000i\000n\000g\000\040\000d\000u\000a\000l}{section.7}% 60
\BOOKMARK [3][-]{subsubsection.7.9.1}{\376\377\000D\000u\000a\000l\000\040\000d\000e\000t\000e\000r\000m\000i\000n\000a\000n\000t}{subsection.7.9}% 61
\BOOKMARK [1][-]{section.8}{\376\377\000T\000h\000e\000\040\000w\000e\000d\000g\000e\000\040\000p\000r\000o\000d\000u\000c\000t}{}% 62
\BOOKMARK [2][-]{subsection.8.1}{\376\377\000T\000h\000e\000\040\000W\000e\000d\000g\000e\000\040\000p\000r\000o\000d\000u\000c\000t}{section.8}% 63
\BOOKMARK [2][-]{subsection.8.2}{\376\377\000A\000l\000t\000e\000r\000n\000a\000t\000i\000n\000g\000\040\000a\000l\000g\000e\000b\000r\000a}{section.8}% 64
\BOOKMARK [2][-]{subsection.8.3}{\376\377\000F\000o\000r\000m\000\040\000o\000f\000\040\000t\000h\000e\000\040\000w\000e\000d\000g\000e\000\040\000p\000r\000o\000d\000u\000c\000t}{section.8}% 65
\BOOKMARK [3][-]{subsubsection.8.3.1}{\376\377\000A\000v\000e\000r\000a\000g\000i\000n\000g\000\040\000o\000p\000e\000r\000a\000t\000o\000r}{subsection.8.3}% 66
\BOOKMARK [1][-]{section.9}{\376\377\000D\000i\000f\000f\000e\000r\000e\000n\000t\000i\000a\000l\000\040\000f\000o\000r\000m\000s}{}% 67
\BOOKMARK [2][-]{subsection.9.1}{\376\377\000S\000p\000a\000c\000e\000\040\000o\000f\000\040\000d\000i\000f\000f\000e\000r\000e\000n\000t\000i\000a\000l\000\040\000f\000o\000r\000m\000s}{section.9}% 68
\BOOKMARK [2][-]{subsection.9.2}{\376\377\000B\000a\000s\000i\000s\000\040\000k\000\040\000f\000o\000r\000m\000s}{section.9}% 69
\BOOKMARK [2][-]{subsection.9.3}{\376\377\000P\000u\000l\000l\000b\000a\000c\000k}{section.9}% 70
\BOOKMARK [3][-]{subsubsection.9.3.1}{\376\377\000S\000m\000o\000o\000t\000h\000n\000e\000s\000s\000\040\000c\000o\000n\000d\000i\000t\000i\000o\000n}{subsection.9.3}% 71
\BOOKMARK [3][-]{subsubsection.9.3.2}{\376\377\000D\000i\000f\000f\000e\000r\000e\000n\000t\000i\000a\000l\000\040\000f\000o\000r\000m\000\040\000o\000f\000\040\000w\000e\000d\000g\000e}{subsection.9.3}% 72
\BOOKMARK [3][-]{subsubsection.9.3.3}{\376\377\000C\000o\000n\000c\000l\000u\000s\000i\000o\000n}{subsection.9.3}% 73
\BOOKMARK [1][-]{section.10}{\376\377\000E\000x\000t\000e\000r\000i\000o\000r\000\040\000d\000e\000r\000i\000v\000a\000t\000i\000v\000e}{}% 74
\BOOKMARK [2][-]{subsubsection.10.0.1}{\376\377\000E\000x\000t\000e\000r\000i\000o\000r\000\040\000D\000e\000r\000i\000v\000a\000t\000i\000v\000e\000\040\000o\000f\000\040\000k\000-\000f\000o\000r\000m\000s}{section.10}% 75
\BOOKMARK [3][-]{subsubsection.10.0.2}{\376\377\000A\000l\000t\000e\000r\000n\000a\000t\000e\000\040\000d\000e\000f\000i\000n\000i\000t\000i\000o\000n}{subsubsection.10.0.1}% 76
\BOOKMARK [2][-]{subsection.10.1}{\376\377\000N\000a\000t\000u\000r\000a\000l\000i\000t\000y}{section.10}% 77
\BOOKMARK [1][-]{section.11}{\376\377\000V\000e\000c\000t\000o\000r\000\040\000F\000i\000e\000l\000d\000s}{}% 78
\BOOKMARK [2][-]{subsection.11.1}{\376\377\000I\000s\000o\000m\000o\000r\000p\000h\000i\000s\000i\000m\000s\000\040\000t\000o\000\040\000d\000i\000f\000f\000e\000r\000e\000n\000t\000i\000a\000l\000\040\000f\000o\000r\000m\000s\000\040}{section.11}% 79
\BOOKMARK [1][-]{section.12}{\376\377\000I\000n\000t\000e\000g\000r\000a\000t\000i\000n\000g\000\040\000f\000o\000r\000m\000s}{}% 80
\BOOKMARK [2][-]{subsection.12.1}{\376\377\000F\000u\000b\000i\000n\000i\000s\000\040\000T\000h\000e\000o\000r\000e\000m}{section.12}% 81
\BOOKMARK [2][-]{subsection.12.2}{\376\377\000C\000h\000a\000n\000g\000e\000\040\000o\000f\000\040\000V\000a\000r\000i\000a\000b\000l\000e\000s}{section.12}% 82
\BOOKMARK [3][-]{subsubsection.12.2.1}{\376\377\000C\000l\000a\000i\000m}{subsection.12.2}% 83
\BOOKMARK [2][-]{subsection.12.3}{\376\377\000C\000o\000m\000p\000a\000c\000t\000\040\000S\000u\000p\000p\000o\000r\000t}{section.12}% 84
\BOOKMARK [2][-]{subsection.12.4}{\376\377\000I\000n\000t\000e\000g\000r\000a\000l\000\040\000o\000f\000\040\000a\000\040\000d\000-\000f\000o\000r\000m}{section.12}% 85
\BOOKMARK [1][-]{section.13}{\376\377\000O\000r\000i\000e\000n\000t\000a\000t\000i\000o\000n\000s}{}% 86
\BOOKMARK [2][-]{subsection.13.1}{\376\377\000O\000r\000i\000e\000n\000t\000a\000t\000i\000o\000n\000\040\000p\000r\000e\000s\000e\000r\000v\000i\000n\000g\000/\000r\000e\000v\000e\000r\000s\000i\000n\000g}{section.13}% 87
\BOOKMARK [2][-]{subsection.13.2}{\376\377\000P\000r\000o\000p\000o\000s\000i\000t\000i\000o\000n}{section.13}% 88
\BOOKMARK [2][-]{subsection.13.3}{\376\377\000O\000v\000e\000r\000l\000a\000p\000p\000i\000n\000g\000\040\000C\000h\000a\000r\000t\000s}{section.13}% 89
\BOOKMARK [2][-]{subsection.13.4}{\376\377\000O\000r\000i\000e\000n\000t\000e\000d\000\040\000m\000a\000n\000i\000f\000o\000l\000d}{section.13}% 90
\BOOKMARK [2][-]{subsection.13.5}{\376\377\000R\000e\000v\000e\000r\000s\000i\000n\000g\000\040\000o\000r\000i\000e\000n\000t\000a\000t\000i\000o\000n}{section.13}% 91
\BOOKMARK [2][-]{subsection.13.6}{\376\377\000E\000x\000t\000e\000n\000s\000i\000o\000n\000\040\000o\000f\000\040\000i\000n\000t\000e\000r\000i\000o\000r\000\040\000o\000r\000i\000e\000n\000t\000a\000t\000i\000o\000n}{section.13}% 92
\BOOKMARK [3][-]{subsubsection.13.6.1}{\376\377\000C\000o\000r\000o\000l\000l\000a\000r\000y}{subsection.13.6}% 93
\BOOKMARK [2][-]{subsection.13.7}{\376\377\000I\000n\000d\000u\000c\000e\000d\000\040\000o\000r\000i\000e\000n\000t\000a\000t\000i\000o\000n}{section.13}% 94
\BOOKMARK [2][-]{subsection.13.8}{\376\377\000O\000r\000i\000e\000n\000t\000e\000d\000\040\000m\000a\000p\000s\000\040}{section.13}% 95
\BOOKMARK [2][-]{subsection.13.9}{\376\377\000P\000o\000s\000i\000t\000i\000v\000e\000\040\000c\000h\000a\000r\000t\000s\000\040\000w\000r\000t\000\040\000d\000-\000f\000o\000r\000m\000s}{section.13}% 96
\BOOKMARK [2][-]{subsection.13.10}{\376\377\000V\000o\000l\000u\000m\000e\000\040\000F\000o\000r\000m\000s}{section.13}% 97
\BOOKMARK [1][-]{section.14}{\376\377\000S\000t\000o\000k\000e\000s\000\040\000T\000h\000e\000o\000r\000e\000m}{}% 98
\BOOKMARK [2][-]{subsection.14.1}{\376\377\000T\000h\000e\000\040\000i\000n\000t\000e\000g\000r\000a\000l}{section.14}% 99
\BOOKMARK [2][-]{subsection.14.2}{\376\377\000S\000t\000o\000k\000e\000s\000\040\000T\000h\000e\000o\000r\000e\000m}{section.14}% 100
\BOOKMARK [3][-]{subsubsection.14.2.1}{\376\377\000C\000o\000r\000o\000l\000l\000a\000r\000y}{subsection.14.2}% 101
