\BOOKMARK [1][-]{section.1}{\376\377\000C\000o\000n\000c\000e\000p\000t\000s\000\040\000a\000n\000d\000\040\000T\000e\000r\000m\000i\000n\000o\000l\000o\000g\000y\000\040}{}% 1
\BOOKMARK [2][-]{subsection.1.1}{\376\377\000S\000y\000s\000t\000e\000m\000\040\000m\000a\000c\000r\000o\000s\000t\000a\000t\000e}{section.1}% 2
\BOOKMARK [2][-]{subsection.1.2}{\376\377\000Q\000u\000a\000n\000t\000u\000m\000\040\000m\000i\000c\000r\000o\000s\000t\000a\000t\000e\000\040}{section.1}% 3
\BOOKMARK [2][-]{subsection.1.3}{\376\377\000W\000e\000a\000k\000l\000y\000\040\000c\000o\000u\000p\000l\000e\000d\000\040\000s\000y\000s\000t\000e\000m\000s\000\040}{section.1}% 4
\BOOKMARK [2][-]{subsection.1.4}{\376\377\000L\000o\000c\000a\000l\000i\000t\000y}{section.1}% 5
\BOOKMARK [2][-]{subsection.1.5}{\376\377\000B\000o\000s\000o\000n\000s\000\040\000a\000n\000d\000\040\000F\000e\000r\000m\000i\000o\000n\000s}{section.1}% 6
\BOOKMARK [2][-]{subsection.1.6}{\376\377\000P\000r\000o\000b\000a\000b\000i\000l\000i\000t\000y\000\040\000o\000f\000\040\000m\000i\000c\000r\000o\000s\000t\000a\000t\000e\000s}{section.1}% 7
\BOOKMARK [2][-]{subsection.1.7}{\376\377\000E\000n\000s\000e\000m\000b\000l\000e\000\040\000a\000v\000e\000r\000a\000g\000e}{section.1}% 8
\BOOKMARK [2][-]{subsection.1.8}{\376\377\000F\000u\000n\000d\000a\000m\000e\000n\000t\000a\000l\000\040\000a\000s\000s\000u\000m\000p\000t\000i\000o\000n\000\040\000o\000f\000\040\000s\000t\000a\000t\000i\000s\000t\000i\000c\000a\000l\000\040\000t\000h\000e\000r\000m\000o\000d\000y\000n\000a\000m\000i\000c\000s}{section.1}% 9
\BOOKMARK [1][-]{section.2}{\376\377\000E\000n\000t\000r\000o\000p\000y\000\040\000a\000n\000d\000\040\000T\000e\000m\000p\000e\000r\000a\000t\000u\000r\000e}{}% 10
\BOOKMARK [2][-]{subsection.2.1}{\376\377\000P\000h\000y\000s\000i\000c\000s\000\040\000P\000r\000i\000n\000c\000i\000p\000l\000e\000\040}{section.2}% 11
\BOOKMARK [2][-]{subsection.2.2}{\376\377\000C\000o\000m\000b\000i\000n\000e\000d\000\040\000s\000y\000s\000t\000e\000m}{section.2}% 12
\BOOKMARK [3][-]{subsubsection.2.2.1}{\376\377\000E\000n\000t\000r\000o\000p\000y}{subsection.2.2}% 13
\BOOKMARK [1][-]{section.3}{\376\377\000P\000a\000r\000t\000i\000t\000i\000o\000n\000\040\000f\000u\000n\000c\000t\000i\000o\000n\000s\000\040}{}% 14
\BOOKMARK [2][-]{subsection.3.1}{\376\377\000P\000r\000o\000b\000a\000b\000i\000l\000i\000t\000i\000e\000s\000\040}{section.3}% 15
\BOOKMARK [2][-]{subsection.3.2}{\376\377\000P\000a\000r\000t\000i\000t\000i\000o\000n\000\040\000f\000u\000n\000c\000t\000i\000o\000n\000\040}{section.3}% 16
\BOOKMARK [2][-]{subsection.3.3}{\376\377\000A\000v\000e\000r\000a\000g\000e\000\040\000Q\000u\000a\000n\000t\000i\000t\000i\000e\000s}{section.3}% 17
\BOOKMARK [2][-]{subsection.3.4}{\376\377\000H\000e\000l\000m\000h\000o\000l\000t\000z\000\040\000f\000r\000e\000e\000\040\000E\000n\000e\000r\000g\000y}{section.3}% 18
\BOOKMARK [2][-]{subsection.3.5}{\376\377\000O\000c\000c\000u\000p\000a\000t\000i\000o\000n\000\040\000s\000t\000a\000t\000i\000s\000t\000i\000c\000s\000\040}{section.3}% 19
\BOOKMARK [2][-]{subsection.3.6}{\376\377\000F\000e\000r\000m\000i\000-\000D\000i\000r\000a\000c\000\040\000s\000t\000a\000t\000i\000s\000t\000i\000c\000s}{section.3}% 20
\BOOKMARK [2][-]{subsection.3.7}{\376\377\000B\000o\000s\000e\000-\000E\000i\000n\000s\000t\000e\000i\000n\000\040\000s\000t\000a\000t\000i\000s\000t\000i\000c\000s}{section.3}% 21
\BOOKMARK [2][-]{subsection.3.8}{\376\377\000M\000a\000x\000w\000e\000l\000l\000\040\000B\000o\000l\000t\000z\000m\000a\000n\000n\000\040\000d\000i\000s\000t\000r\000i\000b\000u\000t\000i\000o\000n\000\040}{section.3}% 22
\BOOKMARK [1][-]{section.4}{\376\377\000G\000a\000s\000e\000s}{}% 23
\BOOKMARK [2][-]{subsection.4.1}{\376\377\000I\000d\000e\000a\000l\000\040\000m\000o\000n\000o\000-\000a\000t\000o\000m\000i\000c\000\040\000g\000a\000s}{section.4}% 24
