\BOOKMARK [1][-]{section.1}{\376\377\000M\000a\000t\000h\000e\000m\000a\000t\000i\000c\000s\000\040\000o\000f\000\040\000Q\000u\000a\000n\000t\000u\000m\000\040\000M\000e\000c\000h\000a\000n\000i\000c\000s}{}% 1
\BOOKMARK [2][-]{subsection.1.1}{\376\377\000M\000a\000t\000r\000i\000c\000e\000s}{section.1}% 2
\BOOKMARK [2][-]{subsection.1.2}{\376\377\000A\000l\000g\000e\000b\000r\000a\000s}{section.1}% 3
\BOOKMARK [2][-]{subsection.1.3}{\376\377\000D\000i\000r\000a\000c\000\040\000n\000o\000t\000a\000t\000i\000o\000n}{section.1}% 4
\BOOKMARK [2][-]{subsection.1.4}{\376\377\000P\000r\000o\000j\000e\000c\000t\000i\000o\000n\000\040\000o\000p\000e\000r\000a\000t\000o\000r\000s}{section.1}% 5
\BOOKMARK [2][-]{subsection.1.5}{\376\377\000P\000a\000u\000l\000i\000\040\000M\000a\000t\000r\000i\000c\000e\000s}{section.1}% 6
\BOOKMARK [2][-]{subsection.1.6}{\376\377\000U\000n\000i\000t\000a\000l\000\040\000a\000s\000s\000o\000c\000i\000a\000t\000i\000v\000e\000\040\000A\000l\000g\000e\000b\000r\000a}{section.1}% 7
\BOOKMARK [2][-]{subsection.1.7}{\376\377\000R\000e\000p\000r\000e\000s\000e\000n\000t\000a\000t\000i\000o\000n\000s}{section.1}% 8
\BOOKMARK [2][-]{subsection.1.8}{\376\377\000L\000i\000e\000\040\000A\000l\000g\000e\000b\000r\000a}{section.1}% 9
\BOOKMARK [2][-]{subsection.1.9}{\376\377\000R\000e\000p\000r\000e\000s\000e\000n\000t\000a\000t\000i\000o\000n\000\040\000o\000f\000\040\000a\000\040\000L\000i\000e\000\040\000a\000l\000g\000e\000b\000r\000a}{section.1}% 10
\BOOKMARK [2][-]{subsection.1.10}{\376\377\000I\000s\000o\000m\000o\000r\000p\000h\000i\000c\000\040\000r\000e\000p\000r\000e\000s\000e\000n\000t\000a\000t\000i\000o\000n\000s}{section.1}% 11
\BOOKMARK [2][-]{subsection.1.11}{\376\377\000E\000n\000v\000e\000l\000o\000p\000i\000n\000g\000\040\000a\000l\000g\000e\000b\000r\000a}{section.1}% 12
\BOOKMARK [2][-]{subsection.1.12}{\376\377\000S\000p\000i\000n\000\040\000o\000p\000e\000r\000a\000t\000o\000r\000s}{section.1}% 13
\BOOKMARK [2][-]{subsection.1.13}{\376\377\000A\000r\000b\000i\000t\000r\000a\000r\000y\000\040\000o\000t\000h\000o\000n\000o\000r\000m\000a\000l\000\040\000b\000a\000s\000i\000s}{section.1}% 14
\BOOKMARK [2][-]{subsection.1.14}{\376\377\000A\000c\000t\000i\000v\000e\000\040\000a\000n\000d\000\040\000P\000a\000s\000s\000i\000v\000e\000\040\000t\000r\000a\000n\000s\000f\000o\000r\000m\000a\000t\000i\000o\000n\000s}{section.1}% 15
\BOOKMARK [2][-]{subsection.1.15}{\376\377\000H\000i\000l\000b\000e\000r\000t\000\040\000s\000p\000a\000c\000e\000s}{section.1}% 16
\BOOKMARK [2][-]{subsection.1.16}{\376\377\000C\000r\000e\000a\000t\000i\000o\000n\000\040\000a\000n\000d\000\040\000a\000n\000n\000i\000h\000i\000l\000a\000t\000i\000o\000n\000\040\000o\000p\000e\000r\000a\000t\000o\000r\000s}{section.1}% 17
\BOOKMARK [2][-]{subsection.1.17}{\376\377\000N\000u\000m\000b\000e\000r\000\040\000o\000p\000e\000r\000a\000t\000o\000r}{section.1}% 18
\BOOKMARK [2][-]{subsection.1.18}{\376\377\000H\000e\000i\000s\000e\000n\000b\000e\000r\000g\000\040\000a\000l\000g\000e\000b\000r\000a}{section.1}% 19
\BOOKMARK [2][-]{subsection.1.19}{\376\377\000S\000u\000b\000r\000e\000p\000r\000e\000s\000e\000n\000t\000a\000t\000i\000o\000n}{section.1}% 20
\BOOKMARK [2][-]{subsection.1.20}{\376\377\000I\000r\000r\000e\000d\000u\000c\000i\000b\000l\000e\000\040\000r\000e\000p\000r\000e\000s\000e\000n\000t\000a\000t\000i\000o\000n}{section.1}% 21
\BOOKMARK [2][-]{subsection.1.21}{\376\377\000S\000c\000h\000u\000r\000'\000s\000\040\000L\000e\000m\000m\000a}{section.1}% 22
\BOOKMARK [2][-]{subsection.1.22}{\376\377\000P\000r\000o\000p\000e\000r\000t\000i\000e\000s\000\040\000o\000f\000\040\000H\000e\000r\000m\000i\000t\000i\000a\000n\000\040\000m\000a\000t\000r\000i\000c\000e\000s}{section.1}% 23
\BOOKMARK [2][-]{subsection.1.23}{\376\377\000T\000e\000n\000s\000o\000r\000\040\000p\000r\000o\000d\000u\000c\000t}{section.1}% 24
\BOOKMARK [2][-]{subsection.1.24}{\376\377\000H\000i\000l\000b\000e\000r\000t\000\040\000s\000p\000a\000c\000e\000\040\000o\000f\000\040\000s\000q\000u\000a\000r\000e\000\040\000i\000n\000t\000e\000g\000r\000a\000b\000l\000e\000\040\000f\000u\000n\000c\000t\000i\000o\000n\000s}{section.1}% 25
\BOOKMARK [2][-]{subsection.1.25}{\376\377\000-\000N\000o\000r\000m\000a\000l\000i\000s\000a\000t\000i\000o\000n}{section.1}% 26
\BOOKMARK [2][-]{subsection.1.26}{\376\377\000U\000n\000c\000o\000u\000n\000t\000a\000b\000l\000e\000\040\000H\000i\000l\000b\000e\000r\000t\000\040\000s\000p\000a\000c\000e}{section.1}% 27
\BOOKMARK [2][-]{subsection.1.27}{\376\377\000O\000p\000e\000r\000a\000t\000o\000r\000s\000\040\000o\000n\000\040\000-\000N\000o\000r\000m\000a\000l\000i\000s\000e\000d\000\040\000f\000u\000n\000c\000t\000i\000o\000n\000s}{section.1}% 28
\BOOKMARK [2][-]{subsection.1.28}{\376\377\000C\000o\000o\000r\000d\000i\000n\000a\000t\000e\000\040\000o\000p\000e\000r\000a\000t\000o\000r}{section.1}% 29
\BOOKMARK [2][-]{subsection.1.29}{\376\377\000D\000e\000r\000i\000v\000a\000t\000i\000v\000e\000\040\000o\000p\000e\000r\000a\000t\000o\000r}{section.1}% 30
\BOOKMARK [2][-]{subsection.1.30}{\376\377\000E\000i\000g\000e\000n\000v\000a\000l\000u\000e\000s\000\040\000o\000f\000\040\000t\000h\000e\000\040\000H\000e\000i\000s\000e\000n\000b\000e\000r\000g\000\040\000a\000l\000g\000e\000b\000r\000a}{section.1}% 31
\BOOKMARK [2][-]{subsection.1.31}{\376\377\000C\000o\000n\000j\000u\000g\000a\000t\000e\000\040\000O\000p\000e\000r\000a\000t\000o\000r\000s}{section.1}% 32
\BOOKMARK [2][-]{subsection.1.32}{\376\377\000T\000e\000n\000s\000o\000r\000\040\000p\000r\000o\000d\000u\000c\000t\000s\000\040\000o\000f\000\040\000H\000i\000l\000b\000e\000r\000t\000\040\000s\000p\000a\000c\000e\000s}{section.1}% 33
\BOOKMARK [1][-]{section.2}{\376\377\000P\000o\000s\000t\000u\000l\000a\000t\000e\000s\000\040\000o\000f\000\040\000Q\000u\000a\000n\000t\000u\000m\000\040\000M\000e\000c\000h\000a\000n\000i\000c\000s}{}% 34
\BOOKMARK [2][-]{subsection.2.1}{\376\377\000S\000t\000a\000t\000e\000\040\000o\000f\000\040\000a\000\040\000s\000y\000s\000t\000e\000m}{section.2}% 35
\BOOKMARK [2][-]{subsection.2.2}{\376\377\000C\000o\000o\000r\000d\000i\000n\000a\000t\000e\000s}{section.2}% 36
\BOOKMARK [2][-]{subsection.2.3}{\376\377\000O\000b\000s\000e\000r\000v\000a\000b\000l\000e\000s}{section.2}% 37
\BOOKMARK [2][-]{subsection.2.4}{\376\377\000M\000e\000a\000s\000u\000r\000e\000m\000e\000n\000t\000s}{section.2}% 38
\BOOKMARK [2][-]{subsection.2.5}{\376\377\000D\000y\000n\000a\000m\000i\000c\000s}{section.2}% 39
\BOOKMARK [3][-]{subsubsection.2.5.1}{\376\377\000T\000h\000e\000\040\000H\000e\000i\000s\000e\000n\000b\000e\000r\000g\000\040\000p\000i\000c\000t\000u\000r\000e\000\040}{subsection.2.5}% 40
\BOOKMARK [3][-]{subsubsection.2.5.2}{\376\377\000T\000h\000e\000\040\000S\000c\000h\000r\000o\000d\000i\000n\000g\000e\000r\000\040\000P\000i\000c\000t\000u\000r\000e\000\040}{subsection.2.5}% 41
\BOOKMARK [1][-]{section.3}{\376\377\000M\000o\000r\000e\000\040\000o\000n\000\040\000t\000h\000e\000\040\000p\000o\000s\000t\000u\000l\000a\000t\000e\000s}{}% 42
\BOOKMARK [2][-]{subsection.3.1}{\376\377\000O\000p\000e\000r\000a\000t\000o\000r\000\040\000o\000r\000d\000e\000r\000i\000n\000g\000\040\000a\000m\000b\000i\000g\000u\000i\000t\000y}{section.3}% 43
\BOOKMARK [2][-]{subsection.3.2}{\376\377\000D\000i\000s\000c\000r\000e\000t\000e\000\040\000a\000n\000d\000\040\000N\000o\000n\000\040\000d\000e\000g\000e\000n\000e\000r\000a\000t\000e\000\040\000s\000p\000e\000c\000t\000r\000u\000m}{section.3}% 44
\BOOKMARK [2][-]{subsection.3.3}{\376\377\000I\000n\000d\000e\000t\000e\000r\000m\000i\000n\000a\000t\000e\000\040\000a\000n\000d\000\040\000d\000e\000t\000e\000r\000m\000i\000n\000a\000n\000t\000\040\000s\000t\000a\000t\000e\000s\000\040}{section.3}% 45
\BOOKMARK [2][-]{subsection.3.4}{\376\377\000D\000i\000s\000c\000r\000e\000t\000e\000\040\000a\000n\000d\000\040\000d\000e\000g\000e\000n\000e\000r\000a\000t\000e\000\040\000s\000p\000e\000c\000t\000r\000u\000m}{section.3}% 46
\BOOKMARK [2][-]{subsection.3.5}{\376\377\000C\000o\000n\000t\000i\000n\000u\000o\000u\000s\000\040\000s\000p\000e\000c\000t\000r\000u\000m}{section.3}% 47
\BOOKMARK [2][-]{subsection.3.6}{\376\377\000S\000y\000s\000t\000e\000m\000\040\000o\000f\000\040\000p\000a\000r\000t\000i\000c\000l\000e\000s\000\040}{section.3}% 48
\BOOKMARK [2][-]{subsection.3.7}{\376\377\000S\000e\000c\000o\000n\000d\000\040\000m\000e\000a\000s\000u\000r\000e\000m\000e\000n\000t}{section.3}% 49
\BOOKMARK [2][-]{subsection.3.8}{\376\377\000E\000x\000p\000e\000c\000t\000a\000t\000i\000o\000n\000\040\000v\000a\000l\000u\000e\000\040}{section.3}% 50
\BOOKMARK [2][-]{subsection.3.9}{\376\377\000S\000t\000a\000n\000d\000a\000r\000d\000\040\000d\000e\000v\000i\000a\000t\000i\000o\000n\000\040}{section.3}% 51
\BOOKMARK [2][-]{subsection.3.10}{\376\377\000C\000o\000m\000p\000a\000t\000i\000b\000l\000e\000\040\000o\000b\000s\000e\000r\000v\000a\000t\000i\000o\000n\000s}{section.3}% 52
\BOOKMARK [2][-]{subsection.3.11}{\376\377\000T\000h\000e\000\040\000u\000n\000c\000e\000r\000t\000a\000i\000n\000t\000y\000\040\000r\000e\000l\000a\000t\000i\000o\000n}{section.3}% 53
\BOOKMARK [2][-]{subsection.3.12}{\376\377\000m\000i\000n\000i\000m\000u\000m\000\040\000u\000n\000c\000e\000r\000t\000a\000i\000n\000t\000y\000\040\000p\000a\000c\000k\000e\000t}{section.3}% 54
\BOOKMARK [2][-]{subsection.3.13}{\376\377\000T\000h\000e\000\040\000H\000e\000i\000s\000e\000n\000b\000e\000r\000g\000\040\000p\000i\000c\000t\000u\000r\000e\000\040}{section.3}% 55
\BOOKMARK [3][-]{subsubsection.3.13.1}{\376\377\000T\000i\000m\000e\000\040\000e\000v\000o\000l\000u\000t\000i\000o\000n\000\040\000o\000p\000e\000r\000a\000t\000o\000r}{subsection.3.13}% 56
\BOOKMARK [2][-]{subsection.3.14}{\376\377\000T\000h\000e\000\040\000S\000c\000h\000r\000\366\000d\000i\000n\000g\000e\000r\000\040\000p\000i\000c\000t\000u\000r\000e}{section.3}% 57
\BOOKMARK [2][-]{subsection.3.15}{\376\377\000T\000i\000m\000e\000\040\000i\000n\000d\000e\000p\000e\000n\000d\000e\000n\000t\000\040\000S\000c\000h\000r\000\366\000d\000i\000n\000g\000e\000r\000\040\000e\000q\000u\000a\000t\000i\000o\000n\000\040}{section.3}% 58
