\BOOKMARK [1][-]{section.1}{\376\377\000T\000y\000p\000e\000s\000\040\000o\000f\000\040\000G\000a\000l\000a\000x\000i\000e\000s}{}% 1
\BOOKMARK [2][-]{subsection.1.1}{\376\377\000E\000l\000l\000i\000p\000t\000i\000c\000a\000l\000:}{section.1}% 2
\BOOKMARK [2][-]{subsection.1.2}{\376\377\000S\000p\000i\000r\000a\000l\000\040\000G\000a\000l\000a\000x\000i\000e\000s}{section.1}% 3
\BOOKMARK [2][-]{subsection.1.3}{\376\377\000L\000e\000n\000t\000i\000c\000u\000l\000a\000r}{section.1}% 4
\BOOKMARK [2][-]{subsection.1.4}{\376\377\000H\000u\000b\000b\000l\000e\000\040\000s\000e\000q\000u\000e\000n\000c\000e}{section.1}% 5
\BOOKMARK [2][-]{subsection.1.5}{\376\377\000G\000a\000l\000a\000c\000t\000i\000c\000\040\000c\000o\000o\000r\000d\000i\000n\000a\000t\000e\000s}{section.1}% 6
\BOOKMARK [2][-]{subsection.1.6}{\376\377\000D\000u\000s\000t}{section.1}% 7
\BOOKMARK [2][-]{subsection.1.7}{\376\377\000S\000t\000a\000r\000\040\000d\000i\000s\000t\000r\000i\000b\000u\000t\000i\000o\000n}{section.1}% 8
\BOOKMARK [2][-]{subsection.1.8}{\376\377\000M\000e\000t\000a\000l\000l\000i\000c\000i\000t\000y}{section.1}% 9
\BOOKMARK [2][-]{subsection.1.9}{\376\377\000S\000t\000e\000l\000l\000a\000r\000\040\000t\000y\000p\000e}{section.1}% 10
\BOOKMARK [2][-]{subsection.1.10}{\376\377\000T\000h\000i\000c\000k\000\040\000a\000n\000d\000\040\000T\000h\000i\000n\000\040\000d\000i\000s\000k\000s}{section.1}% 11
\BOOKMARK [2][-]{subsection.1.11}{\376\377\000H\000a\000l\000o}{section.1}% 12
\BOOKMARK [2][-]{subsection.1.12}{\376\377\000T\000h\000e\000\040\000B\000u\000l\000g\000e\000\040}{section.1}% 13
\BOOKMARK [2][-]{subsection.1.13}{\376\377\000T\000h\000e\000\040\000B\000a\000r}{section.1}% 14
\BOOKMARK [2][-]{subsection.1.14}{\376\377\000F\000e\000r\000m\000i\000\040\000B\000u\000b\000b\000l\000e\000s\000\040}{section.1}% 15
\BOOKMARK [2][-]{subsection.1.15}{\376\377\000S\000g\000r\000\040\000A}{section.1}% 16
\BOOKMARK [2][-]{subsection.1.16}{\376\377\000G\000a\000l\000a\000c\000t\000i\000c\000\040\000R\000o\000t\000a\000t\000i\000o\000n}{section.1}% 17
\BOOKMARK [2][-]{subsection.1.17}{\376\377\000O\000o\000r\000t\000\040\000c\000o\000n\000s\000t\000a\000n\000t\000s}{section.1}% 18
\BOOKMARK [2][-]{subsection.1.18}{\376\377\0002\0001\000c\000m\000\040\000H\000y\000d\000r\000o\000g\000e\000n\000\040\000l\000i\000n\000e}{section.1}% 19
\BOOKMARK [2][-]{subsection.1.19}{\376\377\000G\000a\000l\000a\000c\000t\000i\000c\000\040\000r\000o\000t\000a\000t\000i\000o\000n\000\040\000c\000u\000r\000v\000e}{section.1}% 20
\BOOKMARK [2][-]{subsection.1.20}{\376\377\000G\000a\000l\000a\000x\000y\000\040\000g\000r\000o\000u\000p\000s}{section.1}% 21
\BOOKMARK [2][-]{subsection.1.21}{\376\377\000T\000h\000e\000\040\000L\000o\000c\000a\000l\000\040\000g\000r\000o\000u\000p}{section.1}% 22
\BOOKMARK [2][-]{subsection.1.22}{\376\377\000A\000n\000d\000r\000o\000m\000e\000d\000a}{section.1}% 23
\BOOKMARK [2][-]{subsection.1.23}{\376\377\000I\000s\000o\000p\000h\000o\000t\000a\000l\000\040\000r\000a\000d\000i\000u\000s\000\040}{section.1}% 24
\BOOKMARK [2][-]{subsection.1.24}{\376\377\000T\000r\000i\000a\000n\000g\000u\000l\000u\000m}{section.1}% 25
\BOOKMARK [2][-]{subsection.1.25}{\376\377\000M\000a\000g\000e\000l\000l\000a\000n\000i\000c\000\040\000c\000l\000o\000u\000d\000s}{section.1}% 26
\BOOKMARK [2][-]{subsection.1.26}{\376\377\000T\000i\000d\000a\000l\000\040\000S\000t\000r\000e\000a\000m\000s}{section.1}% 27
\BOOKMARK [2][-]{subsection.1.27}{\376\377\000J\000a\000c\000o\000b\000i\000\040\000r\000a\000d\000i\000u\000s\000\040\000\050\000R\000o\000c\000h\000e\000\040\000L\000i\000m\000i\000t\000\051}{section.1}% 28
\BOOKMARK [2][-]{subsection.1.28}{\376\377\000P\000r\000o\000p\000e\000r\000t\000i\000e\000s\000\040\000o\000f\000\040\000d\000i\000f\000f\000e\000r\000e\000n\000t\000\040\000t\000y\000p\000e\000s\000\040\000o\000f\000\040\000g\000a\000l\000a\000x\000i\000e\000s}{section.1}% 29
\BOOKMARK [3][-]{subsubsection.1.28.1}{\376\377\000S\000p\000i\000r\000a\000l\000\040\000g\000a\000l\000a\000x\000i\000e\000s}{subsection.1.28}% 30
\BOOKMARK [3][-]{subsubsection.1.28.2}{\376\377\000E\000l\000l\000i\000p\000t\000i\000c\000a\000l\000\040\000g\000a\000l\000a\000x\000i\000e\000s}{subsection.1.28}% 31
\BOOKMARK [3][-]{subsubsection.1.28.3}{\376\377\000I\000r\000r\000e\000g\000u\000l\000a\000r\000s}{subsection.1.28}% 32
\BOOKMARK [2][-]{subsection.1.29}{\376\377\000T\000h\000e\000\040\000c\000o\000n\000t\000i\000n\000u\000u\000m}{section.1}% 33
\BOOKMARK [2][-]{subsection.1.30}{\376\377\000A\000b\000s\000o\000r\000p\000t\000i\000o\000n\000\040\000a\000n\000d\000\040\000e\000m\000i\000s\000s\000i\000o\000n\000\040\000l\000i\000n\000e\000s}{section.1}% 34
\BOOKMARK [2][-]{subsection.1.31}{\376\377\000R\000e\000d\000s\000h\000i\000f\000t}{section.1}% 35
\BOOKMARK [2][-]{subsection.1.32}{\376\377\000S\000u\000r\000f\000a\000c\000e\000\040\000B\000r\000i\000g\000h\000t\000n\000e\000s\000s}{section.1}% 36
\BOOKMARK [2][-]{subsection.1.33}{\376\377\000L\000u\000m\000i\000n\000o\000s\000i\000t\000y\000\040\000f\000u\000n\000c\000t\000i\000o\000n}{section.1}% 37
\BOOKMARK [2][-]{subsection.1.34}{\376\377\000S\000t\000e\000l\000l\000a\000r\000\040\000d\000y\000n\000a\000m\000i\000c\000s}{section.1}% 38
\BOOKMARK [2][-]{subsection.1.35}{\376\377\000T\000u\000l\000l\000y\000-\000F\000i\000s\000h\000e\000r\000\040\000R\000e\000l\000a\000t\000i\000o\000n}{section.1}% 39
\BOOKMARK [2][-]{subsection.1.36}{\376\377\000V\000i\000r\000i\000a\000l\000\040\000t\000h\000e\000o\000r\000e\000m}{section.1}% 40
\BOOKMARK [2][-]{subsection.1.37}{\376\377\000D\000y\000n\000a\000m\000i\000c\000s\000\040\000i\000n\000\040\000E\000l\000l\000i\000p\000t\000i\000c\000a\000l\000s}{section.1}% 41
\BOOKMARK [2][-]{subsection.1.38}{\376\377\000G\000a\000l\000a\000x\000y\000\040\000s\000p\000e\000c\000t\000r\000a}{section.1}% 42
