\BOOKMARK [1][-]{section.1}{\376\377\000C\000r\000y\000s\000t\000a\000l\000s}{}% 1
\BOOKMARK [2][-]{subsection.1.1}{\376\377\000C\000r\000y\000s\000t\000a\000l\000\040\000d\000e\000f\000i\000n\000i\000t\000i\000o\000n\000:}{section.1}% 2
\BOOKMARK [2][-]{subsection.1.2}{\376\377\000S\000p\000i\000n\000e\000l\000\040\000g\000r\000o\000u\000p}{section.1}% 3
\BOOKMARK [2][-]{subsection.1.3}{\376\377\000L\000a\000t\000t\000i\000c\000e}{section.1}% 4
\BOOKMARK [2][-]{subsection.1.4}{\376\377\000L\000a\000t\000t\000i\000c\000e\000\040\000B\000a\000s\000i\000s}{section.1}% 5
\BOOKMARK [2][-]{subsection.1.5}{\376\377\000B\000r\000a\000v\000a\000i\000s\000\040\000L\000a\000t\000t\000i\000c\000e}{section.1}% 6
\BOOKMARK [2][-]{subsection.1.6}{\376\377\000C\000o\000m\000m\000o\000n\000\040\000B\000r\000a\000v\000a\000i\000s\000\040\000L\000a\000t\000t\000i\000c\000e\000s}{section.1}% 7
\BOOKMARK [2][-]{subsection.1.7}{\376\377\000S\000i\000m\000p\000l\000e\000\040\000h\000e\000x\000a\000g\000o\000n\000a\000l\000\040\000l\000a\000t\000t\000i\000c\000e}{section.1}% 8
\BOOKMARK [2][-]{subsection.1.8}{\376\377\000N\000e\000a\000r\000e\000s\000t\000\040\000n\000e\000i\000g\000h\000b\000o\000u\000r\000s\000\040}{section.1}% 9
\BOOKMARK [2][-]{subsection.1.9}{\376\377\000C\000o\000o\000r\000d\000i\000n\000a\000t\000i\000o\000n\000\040\000n\000u\000m\000b\000e\000r}{section.1}% 10
\BOOKMARK [2][-]{subsection.1.10}{\376\377\000P\000r\000i\000m\000i\000t\000i\000v\000e\000\040\000u\000n\000i\000t\000\040\000c\000e\000l\000l}{section.1}% 11
\BOOKMARK [2][-]{subsection.1.11}{\376\377\000W\000i\000g\000n\000e\000r\000-\000S\000e\000i\000t\000z\000\040\000p\000r\000i\000m\000i\000t\000i\000v\000e\000\040\000c\000e\000l\000l}{section.1}% 12
\BOOKMARK [2][-]{subsection.1.12}{\376\377\000C\000o\000n\000v\000e\000n\000t\000i\000o\000n\000a\000l\000\040\000u\000n\000i\000t\000\040\000c\000e\000l\000l}{section.1}% 13
\BOOKMARK [2][-]{subsection.1.13}{\376\377\000S\000y\000m\000m\000e\000t\000r\000y\000\040\000g\000r\000o\000u\000p}{section.1}% 14
\BOOKMARK [2][-]{subsection.1.14}{\376\377\000P\000o\000i\000n\000t\000\040\000g\000r\000o\000u\000p}{section.1}% 15
\BOOKMARK [2][-]{subsection.1.15}{\376\377\000P\000o\000i\000n\000t\000\040\000g\000r\000o\000u\000p\000\040\000o\000p\000e\000r\000a\000t\000i\000o\000n\000s}{section.1}% 16
\BOOKMARK [2][-]{subsection.1.16}{\376\377\000C\000r\000y\000s\000t\000a\000l\000\040\000s\000y\000s\000t\000e\000m\000s}{section.1}% 17
\BOOKMARK [2][-]{subsection.1.17}{\376\377\000B\000r\000a\000v\000a\000i\000s\000\040\000s\000p\000a\000c\000e\000\040\000g\000r\000o\000u\000p\000s\000\040}{section.1}% 18
\BOOKMARK [2][-]{subsection.1.18}{\376\377\000F\000o\000u\000r\000i\000e\000r\000\040\000a\000n\000a\000l\000y\000s\000i\000s\000\040\000o\000f\000\040\000a\000\040\000c\000r\000y\000s\000t\000a\000l\000\040\000s\000t\000r\000u\000c\000t\000u\000r\000e}{section.1}% 19
\BOOKMARK [2][-]{subsection.1.19}{\376\377\000R\000e\000c\000i\000p\000r\000o\000c\000a\000l\000\040\000S\000p\000a\000c\000e}{section.1}% 20
\BOOKMARK [2][-]{subsection.1.20}{\376\377\000R\000e\000c\000i\000p\000r\000o\000c\000a\000l\000\040\000L\000a\000t\000t\000i\000c\000e}{section.1}% 21
\BOOKMARK [2][-]{subsection.1.21}{\376\377\000P\000a\000c\000k\000i\000n\000g\000\040\000f\000r\000a\000c\000t\000i\000o\000n}{section.1}% 22
\BOOKMARK [2][-]{subsection.1.22}{\376\377\000L\000a\000t\000t\000i\000c\000e\000\040\000p\000l\000a\000n\000e\000s}{section.1}% 23
\BOOKMARK [2][-]{subsection.1.23}{\376\377\000R\000e\000c\000i\000p\000r\000o\000c\000a\000l\000\040\000v\000e\000c\000t\000o\000r\000s\000\040\000a\000n\000d\000\040\000l\000a\000t\000t\000i\000c\000e\000\040\000p\000l\000a\000n\000e\000s}{section.1}% 24
\BOOKMARK [2][-]{subsection.1.24}{\376\377\000M\000i\000l\000l\000e\000r\000\040\000i\000n\000d\000i\000c\000e\000s}{section.1}% 25
