\BOOKMARK [1][-]{section.1}{\376\377\000A\000n\000g\000u\000l\000a\000r\000\040\000M\000o\000m\000e\000n\000t\000u\000m}{}% 1
\BOOKMARK [2][-]{subsection.1.1}{\376\377\0003\000D\000\040\000S\000c\000h\000r\000o\000d\000i\000n\000g\000e\000r\000\040\000e\000q\000u\000a\000t\000i\000o\000n}{section.1}% 2
\BOOKMARK [2][-]{subsection.1.2}{\376\377\000S\000p\000h\000e\000r\000i\000c\000a\000l\000\040\000H\000a\000r\000m\000o\000n\000i\000c\000s}{section.1}% 3
\BOOKMARK [2][-]{subsection.1.3}{\376\377\000A\000n\000g\000u\000l\000a\000r\000\040\000M\000o\000m\000e\000n\000t\000u\000m\000\040\000o\000p\000e\000r\000a\000t\000o\000r\000s}{section.1}% 4
\BOOKMARK [3][-]{subsubsection.1.3.1}{\376\377\000L\000a\000d\000d\000e\000r\000\040\000o\000p\000e\000r\000a\000t\000o\000r\000s}{subsection.1.3}% 5
\BOOKMARK [3][-]{subsubsection.1.3.2}{\376\377\000T\000o\000t\000a\000l\000\040\000a\000n\000g\000u\000l\000a\000r\000\040\000m\000o\000m\000e\000n\000t\000u\000m\000\040\000e\000i\000g\000e\000n\000v\000a\000l\000u\000e}{subsection.1.3}% 6
\BOOKMARK [2][-]{subsection.1.4}{\376\377\000T\000w\000o\000\040\000p\000a\000r\000t\000i\000c\000l\000e\000\040\000s\000y\000s\000t\000e\000m}{section.1}% 7
\BOOKMARK [2][-]{subsection.1.5}{\376\377\000H\000a\000l\000f\000-\000i\000n\000t\000e\000g\000e\000r\000-\000s\000p\000i\000n}{section.1}% 8
\BOOKMARK [2][-]{subsection.1.6}{\376\377\000C\000l\000e\000b\000s\000c\000h\000-\000G\000o\000r\000d\000a\000n\000\040\000c\000o\000e\000f\000f\000i\000c\000i\000e\000n\000t\000s}{section.1}% 9
\BOOKMARK [1][-]{section.2}{\376\377\000T\000w\000o\000\040\000p\000a\000r\000t\000i\000c\000l\000e\000\040\000W\000a\000v\000e\000\040\000f\000u\000n\000c\000t\000i\000o\000n\000s}{}% 10
\BOOKMARK [2][-]{subsubsection.2.0.1}{\376\377\000N\000o\000n\000-\000i\000n\000t\000e\000r\000a\000c\000t\000i\000n\000g\000\040\000p\000a\000r\000t\000i\000c\000l\000e\000s\000\040}{section.2}% 11
\BOOKMARK [3][-]{subsubsection.2.0.2}{\376\377\000T\000w\000o\000\040\000i\000n\000t\000e\000r\000a\000c\000t\000i\000n\000g\000\040\000p\000a\000r\000t\000i\000c\000l\000e\000s\000\040}{subsubsection.2.0.1}% 12
\BOOKMARK [2][-]{subsection.2.1}{\376\377\000I\000n\000d\000i\000s\000t\000i\000n\000g\000u\000i\000s\000h\000a\000b\000l\000e\000\040\000p\000a\000r\000t\000i\000c\000l\000e\000s}{section.2}% 13
\BOOKMARK [3][-]{subsubsection.2.1.1}{\376\377\000S\000p\000i\000n\000\040\000a\000n\000d\000\040\000p\000o\000s\000i\000t\000i\000o\000n}{subsection.2.1}% 14
\BOOKMARK [3][-]{subsubsection.2.1.2}{\376\377\000T\000r\000i\000p\000l\000e\000\040\000s\000y\000s\000t\000e\000m}{subsection.2.1}% 15
\BOOKMARK [1][-]{section.3}{\376\377\000T\000i\000m\000e\000\040\000i\000n\000d\000e\000p\000e\000n\000d\000e\000n\000t\000\040\000P\000e\000r\000t\000u\000r\000b\000a\000t\000i\000o\000n\000\040\000T\000h\000e\000o\000r\000y}{}% 16
\BOOKMARK [2][-]{subsection.3.1}{\376\377\000F\000i\000r\000s\000t\000\040\000o\000r\000d\000e\000r\000\040\000p\000e\000r\000t\000u\000r\000b\000a\000t\000i\000o\000n\000s}{section.3}% 17
\BOOKMARK [2][-]{subsection.3.2}{\376\377\000D\000e\000g\000e\000n\000e\000r\000a\000t\000e\000\040\000p\000e\000r\000t\000u\000r\000b\000a\000t\000i\000o\000n\000s}{section.3}% 18
\BOOKMARK [1][-]{section.4}{\376\377\000A\000p\000p\000r\000o\000x\000i\000m\000a\000t\000i\000o\000n\000\040\000T\000e\000c\000h\000n\000i\000q\000u\000e\000s\000\040}{}% 19
\BOOKMARK [2][-]{subsection.4.1}{\376\377\000V\000a\000r\000i\000a\000t\000i\000o\000n\000a\000l\000\040\000P\000r\000i\000n\000c\000i\000p\000l\000e}{section.4}% 20
\BOOKMARK [2][-]{subsection.4.2}{\376\377\000W\000K\000B\000\040\000a\000p\000p\000r\000o\000x\000i\000m\000a\000t\000i\000o\000n}{section.4}% 21
\BOOKMARK [3][-]{subsubsection.4.2.1}{\376\377\000C\000l\000a\000s\000s\000i\000c\000a\000l\000\040\000R\000e\000g\000i\000o\000n}{subsection.4.2}% 22
\BOOKMARK [3][-]{subsubsection.4.2.2}{\376\377\000Q\000u\000a\000n\000t\000i\000s\000a\000t\000i\000o\000n\000\040\000c\000o\000n\000d\000i\000t\000i\000o\000n}{subsection.4.2}% 23
\BOOKMARK [3][-]{subsubsection.4.2.3}{\376\377\000Q\000u\000a\000n\000t\000u\000m\000\040\000r\000e\000g\000i\000o\000n}{subsection.4.2}% 24
\BOOKMARK [3][-]{subsubsection.4.2.4}{\376\377\000C\000o\000n\000n\000e\000c\000t\000i\000o\000n\000\040\000p\000o\000i\000n\000t}{subsection.4.2}% 25
\BOOKMARK [3][-]{subsubsection.4.2.5}{\376\377\000T\000r\000a\000n\000s\000m\000i\000s\000s\000i\000o\000n\000\040\000c\000o\000e\000f\000f\000i\000c\000i\000e\000n\000t}{subsection.4.2}% 26
\BOOKMARK [1][-]{section.5}{\376\377\000T\000i\000m\000e\000\040\000D\000e\000p\000e\000n\000d\000a\000n\000t\000\040\000p\000e\000r\000t\000u\000r\000b\000a\000t\000i\000o\000n\000\040\000t\000h\000e\000o\000r\000y}{}% 27
\BOOKMARK [2][-]{subsection.5.1}{\376\377\000F\000i\000r\000s\000t\000\040\000o\000r\000d\000e\000r\000\040\000c\000o\000r\000r\000e\000c\000t\000i\000o\000n}{section.5}% 28
\BOOKMARK [1][-]{section.6}{\376\377\000T\000h\000e\000\040\000P\000a\000t\000h\000\040\000I\000n\000t\000e\000g\000r\000a\000l}{}% 29
