\BOOKMARK [1][-]{section.1}{\376\377\000C\000o\000-\000v\000a\000r\000i\000a\000n\000t\000\040\000f\000o\000r\000m\000a\000l\000i\000s\000m\000\040\000o\000f\000\040\000e\000l\000e\000c\000t\000r\000o\000m\000a\000g\000n\000e\000t\000i\000s\000m}{}% 1
\BOOKMARK [2][-]{subsection.1.1}{\376\377\000M\000a\000x\000w\000e\000l\000l\000'\000s\000\040\000e\000q\000u\000a\000t\000i\000o\000n\000s}{section.1}% 2
\BOOKMARK [2][-]{subsection.1.2}{\376\377\000C\000o\000n\000t\000i\000n\000u\000i\000t\000y\000\040\000e\000q\000u\000a\000t\000i\000o\000n\000\040}{section.1}% 3
\BOOKMARK [3][-]{subsubsection.1.2.1}{\376\377\000I\000n\000v\000a\000r\000i\000a\000n\000c\000e\000\040\000o\000f\000\040\000c\000h\000a\000r\000g\000e\000\040\000u\000n\000d\000e\000r\000\040\000L\000o\000r\000e\000n\000t\000z\000\040\000t\000r\000a\000n\000s\000f\000o\000r\000m\000a\000t\000i\000o\000n\000s}{subsection.1.2}% 4
\BOOKMARK [2][-]{subsection.1.3}{\376\377\000V\000e\000c\000t\000o\000r\000\040\000a\000n\000d\000\040\000S\000c\000a\000l\000a\000r\000\040\000p\000o\000t\000e\000n\000t\000i\000a\000l\000s\000\040}{section.1}% 5
\BOOKMARK [3][-]{subsubsection.1.3.1}{\376\377\000L\000o\000r\000e\000n\000z\000\040\000g\000a\000u\000g\000e}{subsection.1.3}% 6
\BOOKMARK [2][-]{subsection.1.4}{\376\377\000E\000l\000e\000c\000t\000r\000o\000m\000a\000g\000n\000e\000t\000i\000c\000\040\000t\000e\000n\000s\000o\000r}{section.1}% 7
\BOOKMARK [1][-]{section.2}{\376\377\000W\000a\000v\000e\000\040\000e\000q\000u\000a\000t\000i\000o\000n}{}% 8
\BOOKMARK [2][-]{subsection.2.1}{\376\377\000C\000a\000u\000c\000h\000y\000\040\000p\000r\000o\000b\000l\000e\000m\000\040}{section.2}% 9
\BOOKMARK [2][-]{subsection.2.2}{\376\377\000A\000p\000p\000l\000i\000c\000a\000t\000i\000o\000n\000\040\000t\000o\000\040\000f\000i\000e\000l\000d\000s}{section.2}% 10
\BOOKMARK [2][-]{subsection.2.3}{\376\377\000P\000r\000o\000p\000e\000r\000t\000i\000e\000s\000\040\000o\000f\000\040\000t\000h\000e\000\040\000f\000i\000e\000l\000d\000s}{section.2}% 11
\BOOKMARK [2][-]{subsection.2.4}{\376\377\000I\000n\000-\000h\000o\000m\000o\000g\000e\000n\000e\000o\000u\000s\000\040\000W\000a\000v\000e\000\040\000e\000q\000u\000a\000t\000i\000o\000n}{section.2}% 12
\BOOKMARK [2][-]{subsection.2.5}{\376\377\000L\000o\000r\000e\000n\000t\000z\000\040\000c\000o\000v\000a\000r\000i\000a\000n\000c\000e\000\040\000o\000f\000\040\000t\000h\000e\000\040\000w\000a\000v\000e\000\040\000e\000q\000u\000a\000t\000i\000o\000n}{section.2}% 13
\BOOKMARK [1][-]{section.3}{\376\377\000L\000o\000r\000e\000n\000t\000z\000\040\000t\000r\000a\000n\000s\000f\000o\000r\000m\000a\000t\000i\000o\000n\000s\000\040\000o\000f\000\040\000t\000h\000e\000\040\000E\000M\000\040\000f\000i\000e\000l\000d\000s}{}% 14
\BOOKMARK [2][-]{subsection.3.1}{\376\377\000T\000r\000a\000n\000s\000f\000o\000r\000m\000i\000n\000g\000\040\000t\000h\000e\000\040\000f\000i\000e\000l\000d\000s}{section.3}% 15
\BOOKMARK [2][-]{subsection.3.2}{\376\377\000L\000o\000r\000e\000n\000t\000z\000\040\000i\000n\000v\000a\000r\000i\000a\000n\000t\000s}{section.3}% 16
\BOOKMARK [1][-]{section.4}{\376\377\000R\000a\000d\000i\000a\000t\000i\000o\000n\000\040\000f\000r\000o\000m\000\040\000g\000e\000n\000e\000r\000a\000l\000\040\000s\000o\000u\000r\000c\000e\000s\000\040}{}% 17
\BOOKMARK [2][-]{subsection.4.1}{\376\377\000P\000o\000l\000e\000\040\000e\000x\000p\000a\000n\000s\000i\000o\000n\000s}{section.4}% 18
\BOOKMARK [2][-]{subsection.4.2}{\376\377\000P\000o\000l\000e\000\040\000e\000x\000p\000a\000n\000s\000i\000o\000n\000\040\000o\000f\000\040\000v\000e\000c\000t\000o\000r\000\040\000p\000o\000t\000e\000n\000t\000i\000a\000l}{section.4}% 19
\BOOKMARK [2][-]{subsection.4.3}{\376\377\000M\000a\000g\000n\000e\000t\000i\000c\000\040\000d\000i\000p\000o\000l\000e}{section.4}% 20
\BOOKMARK [2][-]{subsection.4.4}{\376\377\000E\000l\000e\000c\000t\000r\000i\000c\000\040\000q\000u\000a\000d\000r\000u\000p\000o\000l\000e}{section.4}% 21
