\BOOKMARK [1][-]{section.1}{\376\377\000D\000e\000f\000i\000n\000i\000t\000i\000o\000n\000\040\000o\000f\000\040\000a\000\040\000M\000a\000n\000i\000f\000o\000l\000d}{}% 1
\BOOKMARK [2][-]{subsection.1.1}{\376\377\000R\000e\000g\000i\000o\000n\000s}{section.1}% 2
\BOOKMARK [2][-]{subsection.1.2}{\376\377\000D\000i\000f\000f\000e\000r\000e\000n\000t\000i\000a\000b\000l\000e\000\040\000M\000a\000n\000i\000f\000o\000l\000d}{section.1}% 3
\BOOKMARK [2][-]{subsection.1.3}{\376\377\000A\000b\000u\000s\000e\000\040\000o\000f\000\040\000n\000o\000t\000a\000t\000i\000o\000n}{section.1}% 4
\BOOKMARK [1][-]{section.2}{\376\377\000E\000l\000e\000m\000e\000n\000t\000s\000\040\000o\000f\000\040\000T\000o\000p\000o\000l\000o\000g\000y}{}% 5
\BOOKMARK [2][-]{subsection.2.1}{\376\377\000T\000o\000p\000o\000l\000o\000g\000i\000c\000a\000l\000\040\000s\000p\000a\000c\000e}{section.2}% 6
\BOOKMARK [3][-]{subsubsection.2.1.1}{\376\377\000I\000n\000d\000u\000c\000e\000d\000\040\000t\000o\000p\000o\000l\000o\000g\000y}{subsection.2.1}% 7
\BOOKMARK [3][-]{subsubsection.2.1.2}{\376\377\000C\000o\000n\000t\000i\000n\000u\000i\000t\000y}{subsection.2.1}% 8
\BOOKMARK [3][-]{subsubsection.2.1.3}{\376\377\000H\000o\000m\000e\000o\000m\000o\000r\000p\000h\000i\000c}{subsection.2.1}% 9
\BOOKMARK [3][-]{subsubsection.2.1.4}{\376\377\000T\000o\000p\000o\000l\000o\000g\000y\000\040\000o\000n\000\040\000a\000\040\000m\000a\000n\000i\000f\000o\000l\000d}{subsection.2.1}% 10
\BOOKMARK [2][-]{subsection.2.2}{\376\377\000M\000e\000t\000r\000i\000c\000\040\000s\000p\000a\000c\000e}{section.2}% 11
\BOOKMARK [3][-]{subsubsection.2.2.1}{\376\377\000H\000a\000u\000s\000d\000o\000r\000f\000f}{subsection.2.2}% 12
\BOOKMARK [3][-]{subsubsection.2.2.2}{\376\377\000C\000o\000m\000p\000a\000c\000t}{subsection.2.2}% 13
\BOOKMARK [3][-]{subsubsection.2.2.3}{\376\377\000C\000o\000n\000n\000e\000c\000t\000e\000d}{subsection.2.2}% 14
\BOOKMARK [2][-]{subsection.2.3}{\376\377\000O\000r\000i\000e\000n\000t\000a\000t\000i\000o\000n}{section.2}% 15
\BOOKMARK [1][-]{section.3}{\376\377\000M\000a\000p\000p\000i\000n\000g\000s\000\040\000o\000n\000\040\000M\000a\000n\000i\000f\000o\000l\000d\000s}{}% 16
\BOOKMARK [2][-]{subsection.3.1}{\376\377\000M\000a\000n\000i\000f\000o\000l\000d\000\040\000m\000a\000p\000p\000i\000n\000g\000s}{section.3}% 17
\BOOKMARK [2][-]{subsection.3.2}{\376\377\000e\000q\000u\000i\000v\000i\000l\000e\000n\000t\000\040\000m\000a\000n\000i\000f\000o\000l\000d\000s}{section.3}% 18
\BOOKMARK [2][-]{subsection.3.3}{\376\377\000T\000a\000n\000g\000e\000n\000t\000\040\000v\000e\000c\000t\000o\000r}{section.3}% 19
\BOOKMARK [2][-]{subsection.3.4}{\376\377\000P\000u\000s\000h\000\040\000f\000o\000r\000w\000a\000r\000d}{section.3}% 20
\BOOKMARK [2][-]{subsection.3.5}{\376\377\000D\000i\000r\000e\000c\000t\000i\000o\000n\000a\000l\000\040\000d\000e\000r\000i\000v\000a\000t\000i\000v\000e}{section.3}% 21
\BOOKMARK [2][-]{subsection.3.6}{\376\377\000R\000i\000e\000m\000a\000n\000n\000\040\000m\000e\000t\000r\000i\000c}{section.3}% 22
\BOOKMARK [1][-]{section.4}{\376\377\000T\000e\000n\000s\000o\000r\000s}{}% 23
\BOOKMARK [2][-]{subsection.4.1}{\376\377\000T\000e\000n\000s\000o\000r\000\040\000d\000e\000f}{section.4}% 24
\BOOKMARK [2][-]{subsection.4.2}{\376\377\000O\000p\000e\000r\000a\000t\000i\000o\000n\000s\000\040\000o\000n\000\040\000T\000e\000n\000s\000o\000r\000s}{section.4}% 25
\BOOKMARK [3][-]{subsubsection.4.2.1}{\376\377\000P\000e\000r\000m\000u\000t\000a\000t\000i\000o\000n\000\040\000o\000f\000\040\000i\000n\000d\000i\000c\000e\000s}{subsection.4.2}% 26
\BOOKMARK [3][-]{subsubsection.4.2.2}{\376\377\000C\000o\000n\000t\000r\000a\000c\000t\000i\000o\000n\000\040\000o\000f\000\040\000i\000n\000d\000i\000c\000i\000e\000s}{subsection.4.2}% 27
\BOOKMARK [3][-]{subsubsection.4.2.3}{\376\377\000P\000r\000o\000d\000u\000c\000t\000\040\000o\000f\000\040\000T\000e\000n\000s\000o\000r\000s}{subsection.4.2}% 28
\BOOKMARK [2][-]{subsection.4.3}{\376\377\000C\000o\000-\000V\000e\000c\000t\000o\000r\000s}{section.4}% 29
\BOOKMARK [2][-]{subsection.4.4}{\376\377\000S\000k\000e\000w\000-\000S\000y\000m\000m\000e\000t\000r\000i\000c\000\040\000T\000e\000s\000n\000s\000o\000r}{section.4}% 30
\BOOKMARK [2][-]{subsection.4.5}{\376\377\000V\000o\000l\000u\000m\000e\000\040\000e\000l\000e\000m\000e\000n\000t}{section.4}% 31
\BOOKMARK [2][-]{subsection.4.6}{\376\377\000G\000e\000n\000r\000a\000l\000i\000s\000e\000d\000\040\000p\000u\000s\000h\000\040\000f\000o\000r\000w\000a\000r\000d}{section.4}% 32
\BOOKMARK [2][-]{subsection.4.7}{\376\377\000P\000u\000l\000l\000\040\000b\000a\000c\000k}{section.4}% 33
\BOOKMARK [1][-]{section.5}{\376\377\000E\000m\000b\000e\000d\000d\000i\000n\000g\000s\000\040\000a\000n\000d\000\040\000I\000m\000m\000e\000r\000s\000i\000o\000n\000s\000\040\000o\000f\000\040\000m\000a\000n\000i\000f\000o\000l\000d\000s}{}% 34
\BOOKMARK [2][-]{subsection.5.1}{\376\377\000I\000m\000m\000e\000r\000s\000i\000o\000n}{section.5}% 35
\BOOKMARK [3][-]{subsubsection.5.1.1}{\376\377\000e\000m\000b\000e\000d\000d\000i\000n\000g}{subsection.5.1}% 36
\BOOKMARK [2][-]{subsection.5.2}{\376\377\000M\000a\000n\000i\000f\000o\000l\000d\000\040\000w\000i\000t\000h\000\040\000b\000o\000u\000n\000d\000a\000r\000y}{section.5}% 37
\BOOKMARK [3][-]{subsubsection.5.2.1}{\376\377\000C\000l\000o\000s\000e\000d\000\040\000m\000a\000n\000i\000f\000o\000l\000d}{subsection.5.2}% 38
