\BOOKMARK [1][-]{section.1}{\376\377\000T\000h\000e\000\040\000n\000e\000e\000d\000\040\000f\000o\000r\000\040\000F\000i\000e\000l\000d\000s}{}% 1
\BOOKMARK [2][-]{subsection.1.1}{\376\377\000N\000o\000n\000-\000r\000e\000l\000a\000t\000i\000v\000i\000s\000t\000i\000c\000\040\000f\000r\000e\000e\000\040\000p\000a\000r\000t\000i\000c\000l\000e}{section.1}% 2
\BOOKMARK [3][-]{subsubsection.1.1.1}{\376\377\000N\000o\000n\000-\000t\000r\000i\000v\000i\000a\000l\000\040\000G\000a\000u\000s\000s\000i\000a\000n\000\040\000i\000n\000t\000e\000g\000r\000a\000l}{subsection.1.1}% 3
\BOOKMARK [3][-]{subsubsection.1.1.2}{\376\377\000L\000a\000p\000l\000a\000c\000e\000\040\000s\000t\000e\000e\000p\000e\000s\000t\000\040\000d\000e\000c\000e\000n\000t}{subsection.1.1}% 4
\BOOKMARK [2][-]{subsection.1.2}{\376\377\000F\000i\000e\000l\000d\000\040\000t\000h\000e\000o\000r\000y\000\040\000E\000o\000M}{section.1}% 5
\BOOKMARK [2][-]{subsection.1.3}{\376\377\000N\000o\000n\000-\000d\000e\000g\000e\000n\000e\000r\000a\000t\000e\000\040\000L\000a\000g\000r\000a\000n\000g\000i\000a\000n}{section.1}% 6
\BOOKMARK [2][-]{subsection.1.4}{\376\377\000H\000a\000m\000i\000l\000t\000o\000n\000i\000a\000n\000\040\000f\000i\000e\000l\000d\000\040\000t\000h\000e\000o\000r\000y}{section.1}% 7
\BOOKMARK [2][-]{subsection.1.5}{\376\377\000N\000o\000e\000t\000h\000e\000r\000'\000s\000\040\000T\000h\000e\000o\000r\000e\000m}{section.1}% 8
\BOOKMARK [2][-]{subsection.1.6}{\376\377\000S\000t\000r\000e\000s\000s\000-\000E\000n\000e\000r\000g\000y\000\040\000T\000e\000n\000s\000o\000r}{section.1}% 9
\BOOKMARK [1][-]{section.2}{\376\377\000T\000h\000e\000\040\000K\000l\000e\000i\000n\000-\000G\000o\000r\000d\000o\000n\000\040\000F\000i\000e\000l\000d}{}% 10
\BOOKMARK [2][-]{subsection.2.1}{\376\377\000S\000e\000c\000o\000n\000d\000\040\000Q\000u\000a\000n\000t\000i\000z\000a\000t\000i\000o\000n}{section.2}% 11
\BOOKMARK [3][-]{subsubsection.2.1.1}{\376\377\000C\000o\000m\000m\000u\000t\000a\000t\000o\000r\000s}{subsection.2.1}% 12
\BOOKMARK [2][-]{subsection.2.2}{\376\377\000P\000a\000r\000t\000i\000c\000l\000e\000\040\000c\000r\000e\000a\000t\000i\000o\000n}{section.2}% 13
\BOOKMARK [2][-]{subsection.2.3}{\376\377\000T\000i\000m\000e\000\040\000e\000v\000o\000l\000u\000t\000i\000o\000n}{section.2}% 14
\BOOKMARK [2][-]{subsection.2.4}{\376\377\0002\000-\000p\000o\000i\000n\000t\000\040\000c\000o\000r\000r\000e\000l\000a\000t\000i\000o\000n\000\040\000f\000u\000n\000c\000t\000i\000o\000n}{section.2}% 15
\BOOKMARK [3][-]{subsubsection.2.4.1}{\376\377\000T\000i\000m\000e\000-\000l\000i\000k\000e\000\040\000s\000e\000p\000a\000r\000a\000t\000i\000o\000n}{subsection.2.4}% 16
\BOOKMARK [3][-]{subsubsection.2.4.2}{\376\377\000S\000p\000a\000c\000e\000-\000l\000i\000k\000e\000\040\000s\000e\000p\000a\000r\000a\000t\000i\000o\000n}{subsection.2.4}% 17
\BOOKMARK [2][-]{subsection.2.5}{\376\377\000M\000e\000a\000s\000u\000r\000e\000m\000e\000n\000t}{section.2}% 18
\BOOKMARK [2][-]{subsection.2.6}{\376\377\000K\000l\000e\000i\000n\000-\000G\000o\000r\000d\000o\000n\000\040\000P\000r\000o\000p\000a\000g\000a\000t\000o\000r}{section.2}% 19
\BOOKMARK [3][-]{subsubsection.2.6.1}{\376\377\000A\000d\000v\000a\000n\000c\000e\000d\000/\000R\000e\000t\000a\000r\000d\000e\000d\000\040\000P\000r\000o\000p\000a\000g\000a\000t\000o\000r\000s}{subsection.2.6}% 20
\BOOKMARK [3][-]{subsubsection.2.6.2}{\376\377\000F\000e\000y\000n\000m\000a\000n\000\040\000P\000r\000o\000p\000a\000g\000a\000t\000o\000r}{subsection.2.6}% 21
\BOOKMARK [1][-]{section.3}{\376\377\000R\000e\000p\000r\000e\000s\000e\000n\000t\000a\000t\000i\000o\000n\000s\000\040\000o\000f\000\040\000t\000h\000e\000\040\000P\000o\000i\000n\000c\000a\000r\000\351\000\040\000G\000r\000o\000u\000p}{}% 22
\BOOKMARK [2][-]{subsection.3.1}{\376\377\000G\000r\000o\000u\000p\000\040\000a\000c\000t\000i\000o\000n\000s}{section.3}% 23
\BOOKMARK [3][-]{subsubsection.3.1.1}{\376\377\000L\000e\000f\000t\000\040\000a\000c\000t\000i\000o\000n\000s}{subsection.3.1}% 24
\BOOKMARK [3][-]{subsubsection.3.1.2}{\376\377\000R\000i\000g\000h\000t\000\040\000a\000c\000t\000i\000o\000n\000s}{subsection.3.1}% 25
\BOOKMARK [2][-]{subsection.3.2}{\376\377\000T\000r\000a\000n\000s\000f\000o\000r\000m\000a\000t\000i\000o\000n\000\040\000o\000f\000\040\000f\000i\000e\000l\000d\000s}{section.3}% 26
\BOOKMARK [2][-]{subsection.3.3}{\376\377\000L\000o\000r\000e\000n\000t\000z\000\040\000G\000r\000o\000u\000p}{section.3}% 27
\BOOKMARK [3][-]{subsubsection.3.3.1}{\376\377\000G\000e\000n\000e\000r\000a\000t\000o\000r\000s}{subsection.3.3}% 28
\BOOKMARK [3][-]{subsubsection.3.3.2}{\376\377\000s\000l\000\050\0002\000,\000C\000\051\000\040\000r\000e\000p\000r\000e\000s\000e\000n\000t\000a\000t\000i\000o\000n}{subsection.3.3}% 29
\BOOKMARK [2][-]{subsection.3.4}{\376\377\000G\000e\000n\000e\000r\000a\000t\000o\000r\000s\000\040\000o\000f\000\040\000t\000h\000e\000\040\000P\000o\000i\000n\000c\000a\000r\000\351\000\040\000g\000r\000o\000u\000p}{section.3}% 30
\BOOKMARK [3][-]{subsubsection.3.4.1}{\376\377\000C\000a\000s\000i\000m\000i\000r\000\040\000I\000n\000v\000a\000r\000i\000a\000n\000t\000s}{subsection.3.4}% 31
\BOOKMARK [1][-]{section.4}{\376\377\000T\000h\000e\000\040\000D\000i\000r\000a\000c\000\040\000F\000i\000e\000l\000d}{}% 32
\BOOKMARK [2][-]{subsection.4.1}{\376\377\000S\000p\000i\000n\000o\000r\000\040\000R\000e\000p\000r\000e\000s\000e\000n\000t\000a\000t\000i\000o\000n}{section.4}% 33
\BOOKMARK [3][-]{subsubsection.4.1.1}{\376\377\000W\000h\000y\000\040\000t\000h\000e\000\040\000K\000l\000e\000i\000n\000\040\000G\000o\000r\000d\000o\000n\000\040\000f\000i\000e\000l\000d\000\040\000h\000a\000s\000\040\000s\000p\000i\000n\000-\0000}{subsection.4.1}% 34
\BOOKMARK [2][-]{subsection.4.2}{\376\377\000D\000i\000r\000a\000c\000\040\000m\000a\000t\000r\000i\000c\000e\000s}{section.4}% 35
\BOOKMARK [2][-]{subsection.4.3}{\376\377\000E\000x\000p\000o\000n\000e\000n\000t\000i\000a\000l\000\040\000m\000a\000p}{section.4}% 36
\BOOKMARK [3][-]{subsubsection.4.3.1}{\376\377\000B\000o\000o\000s\000t\000s}{subsection.4.3}% 37
\BOOKMARK [3][-]{subsubsection.4.3.2}{\376\377\000R\000o\000t\000a\000t\000i\000o\000n\000s}{subsection.4.3}% 38
\BOOKMARK [3][-]{subsubsection.4.3.3}{\376\377\000N\000o\000n\000-\000U\000n\000i\000t\000a\000r\000y\000\040\000r\000e\000p\000r\000e\000s\000e\000n\000t\000a\000t\000i\000o\000n}{subsection.4.3}% 39
\BOOKMARK [2][-]{subsection.4.4}{\376\377\000L\000o\000r\000e\000n\000t\000z\000\040\000I\000n\000v\000a\000r\000i\000a\000n\000t\000s}{section.4}% 40
\BOOKMARK [3][-]{subsubsection.4.4.1}{\376\377\000S\000c\000a\000l\000a\000r\000s}{subsection.4.4}% 41
\BOOKMARK [3][-]{subsubsection.4.4.2}{\376\377\000V\000e\000c\000t\000o\000r\000s}{subsection.4.4}% 42
\BOOKMARK [2][-]{subsection.4.5}{\376\377\000D\000i\000r\000a\000c\000\040\000A\000c\000t\000i\000o\000n}{section.4}% 43
\BOOKMARK [3][-]{subsubsection.4.5.1}{\376\377\000R\000e\000t\000u\000r\000n\000\040\000t\000o\000\040\000K\000l\000e\000i\000n\000-\000G\000o\000r\000d\000o\000n}{subsection.4.5}% 44
\BOOKMARK [2][-]{subsection.4.6}{\376\377\000W\000e\000y\000l\000\040\000S\000p\000i\000n\000o\000r\000s}{section.4}% 45
\BOOKMARK [2][-]{subsection.4.7}{\376\377\000S\000o\000l\000u\000t\000i\000o\000n\000s\000\040\000t\000o\000\040\000t\000h\000e\000\040\000D\000i\000r\000a\000c\000\040\000e\000q\000u\000a\000t\000i\000o\000n}{section.4}% 46
\BOOKMARK [3][-]{subsubsection.4.7.1}{\376\377\000N\000e\000g\000a\000t\000i\000v\000e\000\040\000f\000r\000e\000q\000u\000e\000n\000c\000i\000e\000s}{subsection.4.7}% 47
\BOOKMARK [3][-]{subsubsection.4.7.2}{\376\377\000H\000e\000l\000i\000c\000i\000t\000y\000\040\000o\000p\000e\000r\000a\000t\000o\000r}{subsection.4.7}% 48
\BOOKMARK [2][-]{subsection.4.8}{\376\377\000N\000o\000r\000m\000a\000l\000i\000z\000a\000t\000i\000o\000n\000\040\000o\000f\000\040\000s\000p\000i\000n\000o\000r\000s}{section.4}% 49
\BOOKMARK [3][-]{subsubsection.4.8.1}{\376\377\000O\000u\000t\000e\000r\000\040\000p\000r\000o\000d\000u\000c\000t}{subsection.4.8}% 50
\BOOKMARK [2][-]{subsection.4.9}{\376\377\000Q\000u\000a\000n\000t\000i\000z\000a\000t\000i\000o\000n\000\040\000o\000f\000\040\000t\000h\000e\000\040\000D\000i\000r\000a\000c\000\040\000F\000i\000e\000l\000d}{section.4}% 51
\BOOKMARK [3][-]{subsubsection.4.9.1}{\376\377\000C\000o\000m\000m\000u\000t\000a\000t\000i\000o\000n\000\040\000r\000e\000l\000a\000t\000i\000o\000n\000s}{subsection.4.9}% 52
\BOOKMARK [3][-]{subsubsection.4.9.2}{\376\377\000T\000h\000e\000\040\000n\000e\000e\000d\000\040\000f\000o\000r\000\040\000A\000n\000t\000i\000-\000C\000o\000m\000m\000u\000t\000a\000t\000i\000o\000n\000\040\000r\000e\000l\000a\000t\000i\000o\000n\000s}{subsection.4.9}% 53
\BOOKMARK [3][-]{subsubsection.4.9.3}{\376\377\000A\000n\000t\000i\000-\000c\000o\000m\000m\000u\000t\000a\000t\000i\000o\000n\000\040\000r\000e\000l\000a\000t\000i\000o\000n\000s}{subsection.4.9}% 54
\BOOKMARK [2][-]{subsection.4.10}{\376\377\000P\000a\000u\000l\000i\000\040\000e\000x\000c\000l\000u\000s\000i\000o\000n\000\040\000p\000r\000i\000n\000c\000i\000p\000l\000e}{section.4}% 55
\BOOKMARK [2][-]{subsection.4.11}{\376\377\000C\000h\000a\000r\000g\000e\000d\000\040\000p\000a\000r\000t\000i\000c\000l\000e\000s}{section.4}% 56
\BOOKMARK [2][-]{subsection.4.12}{\376\377\000D\000i\000r\000a\000c\000\040\000P\000r\000o\000p\000a\000g\000a\000t\000o\000r}{section.4}% 57
\BOOKMARK [1][-]{section.5}{\376\377\000C\000o\000n\000s\000t\000r\000a\000i\000n\000e\000d\000\040\000H\000a\000m\000i\000l\000t\000o\000n\000i\000a\000n\000\040\000S\000y\000s\000t\000e\000m\000s}{}% 58
\BOOKMARK [2][-]{subsection.5.1}{\376\377\000D\000e\000g\000e\000n\000e\000r\000a\000t\000e\000\040\000H\000a\000m\000i\000l\000t\000o\000n\000i\000a\000n\000\040}{section.5}% 59
\BOOKMARK [2][-]{subsection.5.2}{\376\377\000E\000q\000u\000a\000t\000i\000o\000n\000s\000\040\000O\000f\000\040\000M\000o\000t\000i\000o\000n}{section.5}% 60
\BOOKMARK [2][-]{subsection.5.3}{\376\377\000P\000o\000i\000s\000s\000o\000n\000\040\000b\000r\000a\000c\000k\000e\000t\000s}{section.5}% 61
\BOOKMARK [2][-]{subsection.5.4}{\376\377\000W\000e\000a\000k\000\040\000a\000n\000d\000\040\000s\000t\000r\000o\000n\000g\000\040\000e\000q\000u\000a\000t\000i\000o\000n\000s}{section.5}% 62
\BOOKMARK [2][-]{subsection.5.5}{\376\377\000S\000e\000c\000o\000n\000d\000a\000r\000y\000\040\000c\000o\000n\000s\000t\000r\000a\000i\000n\000t\000s}{section.5}% 63
\BOOKMARK [2][-]{subsection.5.6}{\376\377\000D\000e\000t\000e\000r\000m\000i\000n\000i\000n\000g\000\040\000u\000m}{section.5}% 64
\BOOKMARK [2][-]{subsection.5.7}{\376\377\000F\000i\000r\000s\000t\000/\000S\000e\000c\000o\000n\000d\000\040\000C\000l\000a\000s\000s}{section.5}% 65
\BOOKMARK [2][-]{subsection.5.8}{\376\377\000D\000i\000r\000a\000c\000\040\000B\000r\000a\000c\000k\000e\000t}{section.5}% 66
\BOOKMARK [1][-]{section.6}{\376\377\000Q\000u\000a\000n\000t\000u\000m\000\040\000E\000l\000e\000c\000t\000r\000o\000d\000y\000n\000a\000m\000i\000c\000s}{}% 67
